[debug] [2025-08-09T19:56:36.564Z] ----------------------------------------------------------------------
[debug] [2025-08-09T19:56:36.587Z] Command:       C:\Program Files\nodejs\node.exe C:\Users\reddy\AppData\Roaming\npm\node_modules\firebase-tools\lib\bin\firebase.js deploy --only functions
[debug] [2025-08-09T19:56:36.589Z] CLI Version:   14.11.2
[debug] [2025-08-09T19:56:36.589Z] Platform:      win32
[debug] [2025-08-09T19:56:36.590Z] Node Version:  v22.13.0
[debug] [2025-08-09T19:56:36.590Z] Time:          Sat Aug 09 2025 21:56:36 GMT+0200 (Central European Summer Time)
[debug] [2025-08-09T19:56:36.591Z] ----------------------------------------------------------------------
[debug] 
[debug] [2025-08-09T19:56:37.047Z] > command requires scopes: ["email","openid","https://www.googleapis.com/auth/cloudplatformprojects.readonly","https://www.googleapis.com/auth/firebase","https://www.googleapis.com/auth/cloud-platform"]
[debug] [2025-08-09T19:56:37.048Z] > authorizing via signed-in user (reddydivishath@gmail.com)
[debug] [2025-08-09T19:56:37.048Z] [iam] checking project billingapp-26e78 for permissions ["cloudfunctions.functions.create","cloudfunctions.functions.delete","cloudfunctions.functions.get","cloudfunctions.functions.list","cloudfunctions.functions.update","cloudfunctions.operations.get","firebase.projects.get"]
[debug] [2025-08-09T19:56:37.050Z] Checked if tokens are valid: false, expires at: 1754769551479
[debug] [2025-08-09T19:56:37.050Z] Checked if tokens are valid: false, expires at: 1754769551479
[debug] [2025-08-09T19:56:37.051Z] > refreshing access token with scopes: []
[debug] [2025-08-09T19:56:37.056Z] >>> [apiv2][query] POST https://www.googleapis.com/oauth2/v3/token [none]
[debug] [2025-08-09T19:56:37.056Z] >>> [apiv2][body] POST https://www.googleapis.com/oauth2/v3/token [omitted]
[debug] [2025-08-09T19:56:37.621Z] <<< [apiv2][status] POST https://www.googleapis.com/oauth2/v3/token 200
[debug] [2025-08-09T19:56:37.621Z] <<< [apiv2][body] POST https://www.googleapis.com/oauth2/v3/token [omitted]
[debug] [2025-08-09T19:56:37.631Z] >>> [apiv2][query] POST https://cloudresourcemanager.googleapis.com/v1/projects/billingapp-26e78:testIamPermissions [none]
[debug] [2025-08-09T19:56:37.631Z] >>> [apiv2][(partial)header] POST https://cloudresourcemanager.googleapis.com/v1/projects/billingapp-26e78:testIamPermissions x-goog-quota-user=projects/billingapp-26e78
[debug] [2025-08-09T19:56:37.632Z] >>> [apiv2][body] POST https://cloudresourcemanager.googleapis.com/v1/projects/billingapp-26e78:testIamPermissions {"permissions":["cloudfunctions.functions.create","cloudfunctions.functions.delete","cloudfunctions.functions.get","cloudfunctions.functions.list","cloudfunctions.functions.update","cloudfunctions.operations.get","firebase.projects.get"]}
[debug] [2025-08-09T19:56:38.308Z] <<< [apiv2][status] POST https://cloudresourcemanager.googleapis.com/v1/projects/billingapp-26e78:testIamPermissions 200
[debug] [2025-08-09T19:56:38.309Z] <<< [apiv2][body] POST https://cloudresourcemanager.googleapis.com/v1/projects/billingapp-26e78:testIamPermissions {"permissions":["cloudfunctions.functions.create","cloudfunctions.functions.delete","cloudfunctions.functions.get","cloudfunctions.functions.list","cloudfunctions.functions.update","cloudfunctions.operations.get","firebase.projects.get"]}
[debug] [2025-08-09T19:56:38.309Z] Checked if tokens are valid: true, expires at: 1754772996621
[debug] [2025-08-09T19:56:38.309Z] Checked if tokens are valid: true, expires at: 1754772996621
[debug] [2025-08-09T19:56:38.309Z] >>> [apiv2][query] POST https://iam.googleapis.com/v1/projects/billingapp-26e78/serviceAccounts/billingapp-26e78@appspot.gserviceaccount.com:testIamPermissions [none]
[debug] [2025-08-09T19:56:38.309Z] >>> [apiv2][body] POST https://iam.googleapis.com/v1/projects/billingapp-26e78/serviceAccounts/billingapp-26e78@appspot.gserviceaccount.com:testIamPermissions {"permissions":["iam.serviceAccounts.actAs"]}
[debug] [2025-08-09T19:56:38.954Z] <<< [apiv2][status] POST https://iam.googleapis.com/v1/projects/billingapp-26e78/serviceAccounts/billingapp-26e78@appspot.gserviceaccount.com:testIamPermissions 200
[debug] [2025-08-09T19:56:38.954Z] <<< [apiv2][body] POST https://iam.googleapis.com/v1/projects/billingapp-26e78/serviceAccounts/billingapp-26e78@appspot.gserviceaccount.com:testIamPermissions {"permissions":["iam.serviceAccounts.actAs"]}
[info] 
[info] === Deploying to 'billingapp-26e78'...
[info] 
[info] i  deploying functions 
[info] Running command: npm --prefix "$RESOURCE_DIR" run lint
[info] +  functions: Finished running predeploy script. 
[debug] [2025-08-09T19:56:39.862Z] Checked if tokens are valid: true, expires at: 1754772996621
[debug] [2025-08-09T19:56:39.862Z] Checked if tokens are valid: true, expires at: 1754772996621
[debug] [2025-08-09T19:56:39.863Z] >>> [apiv2][query] GET https://cloudresourcemanager.googleapis.com/v1/projects/billingapp-26e78 [none]
[debug] [2025-08-09T19:56:40.030Z] <<< [apiv2][status] GET https://cloudresourcemanager.googleapis.com/v1/projects/billingapp-26e78 200
[debug] [2025-08-09T19:56:40.031Z] <<< [apiv2][body] GET https://cloudresourcemanager.googleapis.com/v1/projects/billingapp-26e78 {"projectNumber":"908148231031","projectId":"billingapp-26e78","lifecycleState":"ACTIVE","name":"BillingApp","labels":{"firebase":"enabled","firebase-core":"disabled"},"createTime":"2025-05-29T18:16:53.105113Z"}
[info] i  functions: preparing codebase default for deployment 
[info] i  functions: ensuring required API cloudfunctions.googleapis.com is enabled... 
[info] i  functions: ensuring required API cloudbuild.googleapis.com is enabled... 
[info] i  artifactregistry: ensuring required API artifactregistry.googleapis.com is enabled... 
[debug] [2025-08-09T19:56:40.038Z] Checked if tokens are valid: true, expires at: 1754772996621
[debug] [2025-08-09T19:56:40.038Z] Checked if tokens are valid: true, expires at: 1754772996621
[debug] [2025-08-09T19:56:40.038Z] >>> [apiv2][query] GET https://firebase.googleapis.com/v1beta1/projects/billingapp-26e78/adminSdkConfig [none]
[debug] [2025-08-09T19:56:41.772Z] <<< [apiv2][status] GET https://firebase.googleapis.com/v1beta1/projects/billingapp-26e78/adminSdkConfig 200
[debug] [2025-08-09T19:56:41.772Z] <<< [apiv2][body] GET https://firebase.googleapis.com/v1beta1/projects/billingapp-26e78/adminSdkConfig {"projectId":"billingapp-26e78","databaseURL":"https://billingapp-26e78-default-rtdb.firebaseio.com","storageBucket":"billingapp-26e78.firebasestorage.app"}
[debug] [2025-08-09T19:56:41.772Z] Checked if tokens are valid: true, expires at: 1754772996621
[debug] [2025-08-09T19:56:41.772Z] Checked if tokens are valid: true, expires at: 1754772996621
[debug] [2025-08-09T19:56:41.773Z] >>> [apiv2][query] GET https://runtimeconfig.googleapis.com/v1beta1/projects/billingapp-26e78/configs [none]
[debug] [2025-08-09T19:56:42.090Z] <<< [apiv2][status] GET https://runtimeconfig.googleapis.com/v1beta1/projects/billingapp-26e78/configs 200
[debug] [2025-08-09T19:56:42.090Z] <<< [apiv2][body] GET https://runtimeconfig.googleapis.com/v1beta1/projects/billingapp-26e78/configs {}
[debug] [2025-08-09T19:56:42.091Z] Validating nodejs source
[debug] [2025-08-09T19:56:44.427Z] > [functions] package.json contents: {
  "name": "functions",
  "description": "Cloud Functions for Firebase",
  "scripts": {
    "serve": "firebase emulators:start --only functions",
    "shell": "firebase functions:shell",
    "lint": "echo \"Skipping lint\"",
    "deploy": "firebase deploy --only functions",
    "logs": "firebase functions:log"
  },
  "engines": {
    "node": "22"
  },
  "main": "index.js",
  "dependencies": {
    "firebase-admin": "^12.7.0",
    "firebase-functions": "^6.4.0"
  },
  "devDependencies": {
    "eslint": "^8.15.0",
    "eslint-config-google": "^0.14.0",
    "firebase-functions-test": "^3.1.0"
  },
  "private": true
}
[debug] [2025-08-09T19:56:44.427Z] Building nodejs source
[info] i  functions: Loading and analyzing source code for codebase default to determine what to deploy 
[debug] [2025-08-09T19:56:44.430Z] Could not find functions.yaml. Must use http discovery
[debug] [2025-08-09T19:56:44.454Z] Found firebase-functions binary at 'D:\BillingApp\functions\node_modules\.bin\firebase-functions'
[info] Serving at port 8966

[debug] [2025-08-09T19:56:45.828Z] Got response from /__/functions.yaml {"endpoints":{"getTotals":{"availableMemoryMb":null,"timeoutSeconds":null,"minInstances":null,"maxInstances":null,"ingressSettings":null,"concurrency":null,"serviceAccountEmail":null,"vpc":null,"platform":"gcfv2","labels":{},"callableTrigger":{},"entryPoint":"getTotals"},"getCollectionDetails":{"availableMemoryMb":null,"timeoutSeconds":null,"minInstances":null,"maxInstances":null,"ingressSettings":null,"concurrency":null,"serviceAccountEmail":null,"vpc":null,"platform":"gcfv2","labels":{},"callableTrigger":{},"entryPoint":"getCollectionDetails"}},"specVersion":"v1alpha1","requiredAPIs":[],"extensions":{}}
[info] i  extensions: ensuring required API firebaseextensions.googleapis.com is enabled... 
[debug] [2025-08-09T19:56:49.865Z] > command requires scopes: ["email","openid","https://www.googleapis.com/auth/cloudplatformprojects.readonly","https://www.googleapis.com/auth/firebase","https://www.googleapis.com/auth/cloud-platform"]
[debug] [2025-08-09T19:56:49.866Z] > authorizing via signed-in user (reddydivishath@gmail.com)
[debug] [2025-08-09T19:56:49.866Z] [iam] checking project billingapp-26e78 for permissions ["firebase.projects.get","firebaseextensions.instances.list"]
[debug] [2025-08-09T19:56:49.866Z] Checked if tokens are valid: true, expires at: 1754772996621
[debug] [2025-08-09T19:56:49.866Z] Checked if tokens are valid: true, expires at: 1754772996621
[debug] [2025-08-09T19:56:49.866Z] >>> [apiv2][query] POST https://cloudresourcemanager.googleapis.com/v1/projects/billingapp-26e78:testIamPermissions [none]
[debug] [2025-08-09T19:56:49.866Z] >>> [apiv2][(partial)header] POST https://cloudresourcemanager.googleapis.com/v1/projects/billingapp-26e78:testIamPermissions x-goog-quota-user=projects/billingapp-26e78
[debug] [2025-08-09T19:56:49.866Z] >>> [apiv2][body] POST https://cloudresourcemanager.googleapis.com/v1/projects/billingapp-26e78:testIamPermissions {"permissions":["firebase.projects.get","firebaseextensions.instances.list"]}
[debug] [2025-08-09T19:56:50.466Z] <<< [apiv2][status] POST https://cloudresourcemanager.googleapis.com/v1/projects/billingapp-26e78:testIamPermissions 200
[debug] [2025-08-09T19:56:50.466Z] <<< [apiv2][body] POST https://cloudresourcemanager.googleapis.com/v1/projects/billingapp-26e78:testIamPermissions {"permissions":["firebase.projects.get","firebaseextensions.instances.list"]}
[debug] [2025-08-09T19:56:50.467Z] Checked if tokens are valid: true, expires at: 1754772996621
[debug] [2025-08-09T19:56:50.467Z] Checked if tokens are valid: true, expires at: 1754772996621
[debug] [2025-08-09T19:56:50.467Z] >>> [apiv2][query] GET https://firebaseextensions.googleapis.com/v1beta/projects/billingapp-26e78/instances pageSize=100&pageToken=
[debug] [2025-08-09T19:56:51.195Z] <<< [apiv2][status] GET https://firebaseextensions.googleapis.com/v1beta/projects/billingapp-26e78/instances 200
[debug] [2025-08-09T19:56:51.195Z] <<< [apiv2][body] GET https://firebaseextensions.googleapis.com/v1beta/projects/billingapp-26e78/instances {}
[info] i  functions: preparing functions directory for uploading... 
[info] i  functions: packaged D:\BillingApp\functions (79.99 KB) for uploading 
[debug] [2025-08-09T19:56:51.267Z] Checked if tokens are valid: true, expires at: 1754772996621
[debug] [2025-08-09T19:56:51.267Z] Checked if tokens are valid: true, expires at: 1754772996621
[debug] [2025-08-09T19:56:51.267Z] >>> [apiv2][query] GET https://cloudfunctions.googleapis.com/v1/projects/billingapp-26e78/locations/-/functions [none]
[debug] [2025-08-09T19:56:51.815Z] <<< [apiv2][status] GET https://cloudfunctions.googleapis.com/v1/projects/billingapp-26e78/locations/-/functions 200
[debug] [2025-08-09T19:56:51.815Z] <<< [apiv2][body] GET https://cloudfunctions.googleapis.com/v1/projects/billingapp-26e78/locations/-/functions {}
[debug] [2025-08-09T19:56:51.816Z] Checked if tokens are valid: true, expires at: 1754772996621
[debug] [2025-08-09T19:56:51.816Z] Checked if tokens are valid: true, expires at: 1754772996621
[debug] [2025-08-09T19:56:51.816Z] >>> [apiv2][query] GET https://cloudfunctions.googleapis.com/v2/projects/billingapp-26e78/locations/-/functions filter=environment%3D%22GEN_2%22
[debug] [2025-08-09T19:56:52.755Z] <<< [apiv2][status] GET https://cloudfunctions.googleapis.com/v2/projects/billingapp-26e78/locations/-/functions 200
[debug] [2025-08-09T19:56:52.755Z] <<< [apiv2][body] GET https://cloudfunctions.googleapis.com/v2/projects/billingapp-26e78/locations/-/functions {"functions":[{"name":"projects/billingapp-26e78/locations/us-central1/functions/getTotals","buildConfig":{"build":"projects/908148231031/locations/us-central1/builds/613215ba-7e71-47a9-a01a-322421dc1103","runtime":"nodejs22","entryPoint":"getTotals","source":{"storageSource":{"bucket":"gcf-v2-sources-908148231031-us-central1","object":"getTotals/function-source.zip","generation":"1754765933299308"}},"environmentVariables":{"GOOGLE_NODE_RUN_SCRIPTS":""},"dockerRepository":"projects/billingapp-26e78/locations/us-central1/repositories/gcf-artifacts","sourceProvenance":{"resolvedStorageSource":{"bucket":"gcf-v2-sources-908148231031-us-central1","object":"getTotals/function-source.zip","generation":"1754765933299308"}},"dockerRegistry":"ARTIFACT_REGISTRY","serviceAccount":"projects/billingapp-26e78/serviceAccounts/908148231031-compute@developer.gserviceaccount.com","automaticUpdatePolicy":{}},"serviceConfig":{"service":"projects/billingapp-26e78/locations/us-central1/services/gettotals","timeoutSeconds":60,"environmentVariables":{"FIREBASE_CONFIG":"{\"projectId\":\"billingapp-26e78\",\"databaseURL\":\"https://billingapp-26e78-default-rtdb.firebaseio.com\",\"storageBucket\":\"billingapp-26e78.firebasestorage.app\"}","GCLOUD_PROJECT":"billingapp-26e78","EVENTARC_CLOUD_EVENT_SOURCE":"projects/billingapp-26e78/locations/us-central1/services/getTotals","FUNCTION_TARGET":"getTotals","LOG_EXECUTION_ID":"true"},"maxInstanceCount":20,"ingressSettings":"ALLOW_ALL","uri":"https://gettotals-ymqu6pozna-uc.a.run.app","serviceAccountEmail":"908148231031-compute@developer.gserviceaccount.com","availableMemory":"256Mi","allTrafficOnLatestRevision":true,"revision":"gettotals-00003-yew","maxInstanceRequestConcurrency":80,"availableCpu":"1"},"state":"ACTIVE","updateTime":"2025-08-09T18:59:51.188697775Z","labels":{"deployment-tool":"cli-firebase","deployment-callable":"true","firebase-functions-hash":"4374bb4d4a9a903a3e6442d5fa550b874ce7443a"},"environment":"GEN_2","url":"https://us-central1-billingapp-26e78.cloudfunctions.net/getTotals","createTime":"2025-08-09T17:23:26.802622559Z","satisfiesPzi":true},{"name":"projects/billingapp-26e78/locations/us-central1/functions/getCollectionDetails","buildConfig":{"build":"projects/908148231031/locations/us-central1/builds/613215ba-7e71-47a9-a01a-322421dc1103","runtime":"nodejs22","entryPoint":"getCollectionDetails","source":{"storageSource":{"bucket":"gcf-v2-sources-908148231031-us-central1","object":"getCollectionDetails/function-source.zip","generation":"1754765986700369"}},"environmentVariables":{"GOOGLE_NODE_RUN_SCRIPTS":""},"dockerRepository":"projects/billingapp-26e78/locations/us-central1/repositories/gcf-artifacts","sourceProvenance":{"resolvedStorageSource":{"bucket":"gcf-v2-sources-908148231031-us-central1","object":"getCollectionDetails/function-source.zip","generation":"1754765986700369"}},"dockerRegistry":"ARTIFACT_REGISTRY","serviceAccount":"projects/billingapp-26e78/serviceAccounts/908148231031-compute@developer.gserviceaccount.com","automaticUpdatePolicy":{}},"serviceConfig":{"service":"projects/billingapp-26e78/locations/us-central1/services/getcollectiondetails","timeoutSeconds":60,"environmentVariables":{"FIREBASE_CONFIG":"{\"projectId\":\"billingapp-26e78\",\"databaseURL\":\"https://billingapp-26e78-default-rtdb.firebaseio.com\",\"storageBucket\":\"billingapp-26e78.firebasestorage.app\"}","GCLOUD_PROJECT":"billingapp-26e78","EVENTARC_CLOUD_EVENT_SOURCE":"projects/billingapp-26e78/locations/us-central1/services/getCollectionDetails","FUNCTION_TARGET":"getCollectionDetails","LOG_EXECUTION_ID":"true","FUNCTION_SIGNATURE_TYPE":"http"},"maxInstanceCount":20,"ingressSettings":"ALLOW_ALL","uri":"https://getcollectiondetails-ymqu6pozna-uc.a.run.app","serviceAccountEmail":"908148231031-compute@developer.gserviceaccount.com","availableMemory":"256Mi","allTrafficOnLatestRevision":true,"revision":"getcollectiondetails-00004-mib","maxInstanceRequestConcurrency":80,"availableCpu":"1"},"state":"ACTIVE","updateTime":"2025-08-09T18:59:54.521713376Z","labels":{"deployment-tool":"cli-firebase","deployment-callable":"true","firebase-functions-hash":"4374bb4d4a9a903a3e6442d5fa550b874ce7443a"},"environment":"GEN_2","url":"https://us-central1-billingapp-26e78.cloudfunctions.net/getCollectionDetails","createTime":"2025-08-09T16:23:19.027690783Z","satisfiesPzi":true}]}
[info] i  functions: ensuring required API run.googleapis.com is enabled... 
[info] i  functions: ensuring required API eventarc.googleapis.com is enabled... 
[info] i  functions: ensuring required API pubsub.googleapis.com is enabled... 
[info] i  functions: ensuring required API storage.googleapis.com is enabled... 
[info] i  functions: generating the service identity for pubsub.googleapis.com... 
[debug] [2025-08-09T19:56:52.762Z] Checked if tokens are valid: true, expires at: 1754772996621
[debug] [2025-08-09T19:56:52.762Z] Checked if tokens are valid: true, expires at: 1754772996621
[info] i  functions: generating the service identity for eventarc.googleapis.com... 
[debug] [2025-08-09T19:56:52.763Z] Checked if tokens are valid: true, expires at: 1754772996621
[debug] [2025-08-09T19:56:52.763Z] Checked if tokens are valid: true, expires at: 1754772996621
[debug] [2025-08-09T19:56:52.763Z] >>> [apiv2][query] POST https://serviceusage.googleapis.com/v1beta1/projects/908148231031/services/pubsub.googleapis.com:generateServiceIdentity [none]
[debug] [2025-08-09T19:56:52.763Z] >>> [apiv2][(partial)header] POST https://serviceusage.googleapis.com/v1beta1/projects/908148231031/services/pubsub.googleapis.com:generateServiceIdentity x-goog-quota-user=projects/908148231031
[debug] [2025-08-09T19:56:52.763Z] >>> [apiv2][body] POST https://serviceusage.googleapis.com/v1beta1/projects/908148231031/services/pubsub.googleapis.com:generateServiceIdentity {}
[debug] [2025-08-09T19:56:52.764Z] >>> [apiv2][query] POST https://serviceusage.googleapis.com/v1beta1/projects/908148231031/services/eventarc.googleapis.com:generateServiceIdentity [none]
[debug] [2025-08-09T19:56:52.764Z] >>> [apiv2][(partial)header] POST https://serviceusage.googleapis.com/v1beta1/projects/908148231031/services/eventarc.googleapis.com:generateServiceIdentity x-goog-quota-user=projects/908148231031
[debug] [2025-08-09T19:56:52.764Z] >>> [apiv2][body] POST https://serviceusage.googleapis.com/v1beta1/projects/908148231031/services/eventarc.googleapis.com:generateServiceIdentity {}
[debug] [2025-08-09T19:56:53.572Z] <<< [apiv2][status] POST https://serviceusage.googleapis.com/v1beta1/projects/908148231031/services/pubsub.googleapis.com:generateServiceIdentity 200
[debug] [2025-08-09T19:56:53.572Z] <<< [apiv2][body] POST https://serviceusage.googleapis.com/v1beta1/projects/908148231031/services/pubsub.googleapis.com:generateServiceIdentity {"name":"operations/finished.DONE_OPERATION","done":true,"response":{"@type":"type.googleapis.com/google.api.serviceusage.v1beta1.ServiceIdentity","email":"service-908148231031@gcp-sa-pubsub.iam.gserviceaccount.com","uniqueId":"117775410641979306909"}}
[debug] [2025-08-09T19:56:53.601Z] <<< [apiv2][status] POST https://serviceusage.googleapis.com/v1beta1/projects/908148231031/services/eventarc.googleapis.com:generateServiceIdentity 200
[debug] [2025-08-09T19:56:53.601Z] <<< [apiv2][body] POST https://serviceusage.googleapis.com/v1beta1/projects/908148231031/services/eventarc.googleapis.com:generateServiceIdentity {"name":"operations/finished.DONE_OPERATION","done":true,"response":{"@type":"type.googleapis.com/google.api.serviceusage.v1beta1.ServiceIdentity","email":"service-908148231031@gcp-sa-eventarc.iam.gserviceaccount.com","uniqueId":"107440358882560703357"}}
[debug] [2025-08-09T19:56:53.602Z] Checked if tokens are valid: true, expires at: 1754772996621
[debug] [2025-08-09T19:56:53.602Z] Checked if tokens are valid: true, expires at: 1754772996621
[debug] [2025-08-09T19:56:53.602Z] >>> [apiv2][query] GET https://cloudresourcemanager.googleapis.com/v1/projects/billingapp-26e78 [none]
[debug] [2025-08-09T19:56:53.740Z] <<< [apiv2][status] GET https://cloudresourcemanager.googleapis.com/v1/projects/billingapp-26e78 200
[debug] [2025-08-09T19:56:53.740Z] <<< [apiv2][body] GET https://cloudresourcemanager.googleapis.com/v1/projects/billingapp-26e78 {"projectNumber":"908148231031","projectId":"billingapp-26e78","lifecycleState":"ACTIVE","name":"BillingApp","labels":{"firebase":"enabled","firebase-core":"disabled"},"createTime":"2025-05-29T18:16:53.105113Z"}
[debug] [2025-08-09T19:56:53.741Z] Checked if tokens are valid: true, expires at: 1754772996621
[debug] [2025-08-09T19:56:53.741Z] Checked if tokens are valid: true, expires at: 1754772996621
[debug] [2025-08-09T19:56:53.741Z] >>> [apiv2][query] GET https://compute.googleapis.com/compute/v1/projects/908148231031 [none]
[debug] [2025-08-09T19:56:53.911Z] <<< [apiv2][status] GET https://compute.googleapis.com/compute/v1/projects/908148231031 403
[debug] [2025-08-09T19:56:53.911Z] <<< [apiv2][body] GET https://compute.googleapis.com/compute/v1/projects/908148231031 {"error":{"code":403,"message":"Compute Engine API has not been used in project 908148231031 before or it is disabled. Enable it by visiting https://console.developers.google.com/apis/api/compute.googleapis.com/overview?project=908148231031 then retry. If you enabled this API recently, wait a few minutes for the action to propagate to our systems and retry.","errors":[{"message":"Compute Engine API has not been used in project 908148231031 before or it is disabled. Enable it by visiting https://console.developers.google.com/apis/api/compute.googleapis.com/overview?project=908148231031 then retry. If you enabled this API recently, wait a few minutes for the action to propagate to our systems and retry.","domain":"usageLimits","reason":"accessNotConfigured","extendedHelp":"https://console.developers.google.com"}],"status":"PERMISSION_DENIED","details":[{"@type":"type.googleapis.com/google.rpc.ErrorInfo","reason":"SERVICE_DISABLED","domain":"googleapis.com","metadata":{"activationUrl":"https://console.developers.google.com/apis/api/compute.googleapis.com/overview?project=908148231031","service":"compute.googleapis.com","consumer":"projects/908148231031","containerInfo":"908148231031","serviceTitle":"Compute Engine API"}},{"@type":"type.googleapis.com/google.rpc.LocalizedMessage","locale":"en-US","message":"Compute Engine API has not been used in project 908148231031 before or it is disabled. Enable it by visiting https://console.developers.google.com/apis/api/compute.googleapis.com/overview?project=908148231031 then retry. If you enabled this API recently, wait a few minutes for the action to propagate to our systems and retry."},{"@type":"type.googleapis.com/google.rpc.Help","links":[{"description":"Google developers console API activation","url":"https://console.developers.google.com/apis/api/compute.googleapis.com/overview?project=908148231031"}]}]}}
[debug] [2025-08-09T19:56:53.911Z] unable to look up default compute service account. Falling back to 908148231031-compute@developer.gserviceaccount.com. Error: {"name":"FirebaseError","children":[],"context":{"body":{"error":{"code":403,"message":"Compute Engine API has not been used in project 908148231031 before or it is disabled. Enable it by visiting https://console.developers.google.com/apis/api/compute.googleapis.com/overview?project=908148231031 then retry. If you enabled this API recently, wait a few minutes for the action to propagate to our systems and retry.","errors":[{"message":"Compute Engine API has not been used in project 908148231031 before or it is disabled. Enable it by visiting https://console.developers.google.com/apis/api/compute.googleapis.com/overview?project=908148231031 then retry. If you enabled this API recently, wait a few minutes for the action to propagate to our systems and retry.","domain":"usageLimits","reason":"accessNotConfigured","extendedHelp":"https://console.developers.google.com"}],"status":"PERMISSION_DENIED","details":[{"@type":"type.googleapis.com/google.rpc.ErrorInfo","reason":"SERVICE_DISABLED","domain":"googleapis.com","metadata":{"activationUrl":"https://console.developers.google.com/apis/api/compute.googleapis.com/overview?project=908148231031","service":"compute.googleapis.com","consumer":"projects/908148231031","containerInfo":"908148231031","serviceTitle":"Compute Engine API"}},{"@type":"type.googleapis.com/google.rpc.LocalizedMessage","locale":"en-US","message":"Compute Engine API has not been used in project 908148231031 before or it is disabled. Enable it by visiting https://console.developers.google.com/apis/api/compute.googleapis.com/overview?project=908148231031 then retry. If you enabled this API recently, wait a few minutes for the action to propagate to our systems and retry."},{"@type":"type.googleapis.com/google.rpc.Help","links":[{"description":"Google developers console API activation","url":"https://console.developers.google.com/apis/api/compute.googleapis.com/overview?project=908148231031"}]}]}},"response":{"statusCode":403}},"exit":1,"message":"Request to https://compute.googleapis.com/compute/v1/projects/908148231031 had HTTP Error: 403, Compute Engine API has not been used in project 908148231031 before or it is disabled. Enable it by visiting https://console.developers.google.com/apis/api/compute.googleapis.com/overview?project=908148231031 then retry. If you enabled this API recently, wait a few minutes for the action to propagate to our systems and retry.","status":403}
[debug] [2025-08-09T19:56:53.911Z] Checked if tokens are valid: true, expires at: 1754772996621
[debug] [2025-08-09T19:56:53.911Z] Checked if tokens are valid: true, expires at: 1754772996621
[debug] [2025-08-09T19:56:53.911Z] >>> [apiv2][query] GET https://compute.googleapis.com/compute/v1/projects/908148231031 [none]
[debug] [2025-08-09T19:56:54.035Z] <<< [apiv2][status] GET https://compute.googleapis.com/compute/v1/projects/908148231031 403
[debug] [2025-08-09T19:56:54.035Z] <<< [apiv2][body] GET https://compute.googleapis.com/compute/v1/projects/908148231031 {"error":{"code":403,"message":"Compute Engine API has not been used in project 908148231031 before or it is disabled. Enable it by visiting https://console.developers.google.com/apis/api/compute.googleapis.com/overview?project=908148231031 then retry. If you enabled this API recently, wait a few minutes for the action to propagate to our systems and retry.","errors":[{"message":"Compute Engine API has not been used in project 908148231031 before or it is disabled. Enable it by visiting https://console.developers.google.com/apis/api/compute.googleapis.com/overview?project=908148231031 then retry. If you enabled this API recently, wait a few minutes for the action to propagate to our systems and retry.","domain":"usageLimits","reason":"accessNotConfigured","extendedHelp":"https://console.developers.google.com"}],"status":"PERMISSION_DENIED","details":[{"@type":"type.googleapis.com/google.rpc.ErrorInfo","reason":"SERVICE_DISABLED","domain":"googleapis.com","metadata":{"consumer":"projects/908148231031","serviceTitle":"Compute Engine API","service":"compute.googleapis.com","containerInfo":"908148231031","activationUrl":"https://console.developers.google.com/apis/api/compute.googleapis.com/overview?project=908148231031"}},{"@type":"type.googleapis.com/google.rpc.LocalizedMessage","locale":"en-US","message":"Compute Engine API has not been used in project 908148231031 before or it is disabled. Enable it by visiting https://console.developers.google.com/apis/api/compute.googleapis.com/overview?project=908148231031 then retry. If you enabled this API recently, wait a few minutes for the action to propagate to our systems and retry."},{"@type":"type.googleapis.com/google.rpc.Help","links":[{"description":"Google developers console API activation","url":"https://console.developers.google.com/apis/api/compute.googleapis.com/overview?project=908148231031"}]}]}}
[debug] [2025-08-09T19:56:54.036Z] unable to look up default compute service account. Falling back to 908148231031-compute@developer.gserviceaccount.com. Error: {"name":"FirebaseError","children":[],"context":{"body":{"error":{"code":403,"message":"Compute Engine API has not been used in project 908148231031 before or it is disabled. Enable it by visiting https://console.developers.google.com/apis/api/compute.googleapis.com/overview?project=908148231031 then retry. If you enabled this API recently, wait a few minutes for the action to propagate to our systems and retry.","errors":[{"message":"Compute Engine API has not been used in project 908148231031 before or it is disabled. Enable it by visiting https://console.developers.google.com/apis/api/compute.googleapis.com/overview?project=908148231031 then retry. If you enabled this API recently, wait a few minutes for the action to propagate to our systems and retry.","domain":"usageLimits","reason":"accessNotConfigured","extendedHelp":"https://console.developers.google.com"}],"status":"PERMISSION_DENIED","details":[{"@type":"type.googleapis.com/google.rpc.ErrorInfo","reason":"SERVICE_DISABLED","domain":"googleapis.com","metadata":{"consumer":"projects/908148231031","serviceTitle":"Compute Engine API","service":"compute.googleapis.com","containerInfo":"908148231031","activationUrl":"https://console.developers.google.com/apis/api/compute.googleapis.com/overview?project=908148231031"}},{"@type":"type.googleapis.com/google.rpc.LocalizedMessage","locale":"en-US","message":"Compute Engine API has not been used in project 908148231031 before or it is disabled. Enable it by visiting https://console.developers.google.com/apis/api/compute.googleapis.com/overview?project=908148231031 then retry. If you enabled this API recently, wait a few minutes for the action to propagate to our systems and retry."},{"@type":"type.googleapis.com/google.rpc.Help","links":[{"description":"Google developers console API activation","url":"https://console.developers.google.com/apis/api/compute.googleapis.com/overview?project=908148231031"}]}]}},"response":{"statusCode":403}},"exit":1,"message":"Request to https://compute.googleapis.com/compute/v1/projects/908148231031 had HTTP Error: 403, Compute Engine API has not been used in project 908148231031 before or it is disabled. Enable it by visiting https://console.developers.google.com/apis/api/compute.googleapis.com/overview?project=908148231031 then retry. If you enabled this API recently, wait a few minutes for the action to propagate to our systems and retry.","status":403}
[debug] [2025-08-09T19:56:54.036Z] Checked if tokens are valid: true, expires at: 1754772996621
[debug] [2025-08-09T19:56:54.036Z] Checked if tokens are valid: true, expires at: 1754772996621
[debug] [2025-08-09T19:56:54.036Z] >>> [apiv2][query] GET https://cloudbilling.googleapis.com/v1/projects/billingapp-26e78/billingInfo [none]
[debug] [2025-08-09T19:56:54.264Z] <<< [apiv2][status] GET https://cloudbilling.googleapis.com/v1/projects/billingapp-26e78/billingInfo 200
[debug] [2025-08-09T19:56:54.264Z] <<< [apiv2][body] GET https://cloudbilling.googleapis.com/v1/projects/billingapp-26e78/billingInfo {"name":"projects/billingapp-26e78/billingInfo","projectId":"billingapp-26e78","billingAccountName":"billingAccounts/015CE7-F87E91-29BA2B","billingEnabled":true}
[debug] [2025-08-09T19:56:54.265Z] Checked if tokens are valid: true, expires at: 1754772996621
[debug] [2025-08-09T19:56:54.265Z] Checked if tokens are valid: true, expires at: 1754772996621
[debug] [2025-08-09T19:56:54.265Z] >>> [apiv2][query] POST https://cloudfunctions.googleapis.com/v2/projects/billingapp-26e78/locations/us-central1/functions:generateUploadUrl [none]
[debug] [2025-08-09T19:56:55.023Z] <<< [apiv2][status] POST https://cloudfunctions.googleapis.com/v2/projects/billingapp-26e78/locations/us-central1/functions:generateUploadUrl 200
[debug] [2025-08-09T19:56:55.023Z] <<< [apiv2][body] POST https://cloudfunctions.googleapis.com/v2/projects/billingapp-26e78/locations/us-central1/functions:generateUploadUrl {"uploadUrl":"https://storage.googleapis.com/gcf-v2-uploads-908148231031.us-central1.cloudfunctions.appspot.com/ece09999-e285-43b5-a36a-1a92592b1fe8.zip?GoogleAccessId=service-908148231031@gcf-admin-robot.iam.gserviceaccount.com&Expires=1754771214&Signature=Twen%2FeIIvou0Ka4lg3OutcRDvLEeoZIKpeIVf0Xskh5kODngiKR%2Ffv08qsKLBO5WPIW7eezOLPVicKYo%2F6TB7eV9Qvo4J7E%2FjwpXSJzxDqffPXVJRiVneGBz5WHvUn0QiDmdGKK1Va9fEyHOTgTRUNgKqGUYTRrkAtWKQ8G%2B4BZEV0B7bCUc1vEpiEjV10SQJdeXRnGn%2BWF7pxczw179H%2Bgvja0gafBouHAouGftipZ4LViP7QsQ6paimLSo6XI%2FiSI0hYVo9475mSoZSl2I4890prR2A1UJuDLAw0YSXKEVLKGqUKaEA3hDAwCOseJvqvaH0DjH8ngCPHokWrYFvQ%3D%3D","storageSource":{"bucket":"gcf-v2-uploads-908148231031.us-central1.cloudfunctions.appspot.com","object":"ece09999-e285-43b5-a36a-1a92592b1fe8.zip"}}
[debug] [2025-08-09T19:56:55.024Z] >>> [apiv2][query] PUT https://storage.googleapis.com/gcf-v2-uploads-908148231031.us-central1.cloudfunctions.appspot.com/ece09999-e285-43b5-a36a-1a92592b1fe8.zip GoogleAccessId=service-908148231031%40gcf-admin-robot.iam.gserviceaccount.com&Expires=1754771214&Signature=Twen%2FeIIvou0Ka4lg3OutcRDvLEeoZIKpeIVf0Xskh5kODngiKR%2Ffv08qsKLBO5WPIW7eezOLPVicKYo%2F6TB7eV9Qvo4J7E%2FjwpXSJzxDqffPXVJRiVneGBz5WHvUn0QiDmdGKK1Va9fEyHOTgTRUNgKqGUYTRrkAtWKQ8G%2B4BZEV0B7bCUc1vEpiEjV10SQJdeXRnGn%2BWF7pxczw179H%2Bgvja0gafBouHAouGftipZ4LViP7QsQ6paimLSo6XI%2FiSI0hYVo9475mSoZSl2I4890prR2A1UJuDLAw0YSXKEVLKGqUKaEA3hDAwCOseJvqvaH0DjH8ngCPHokWrYFvQ%3D%3D
[debug] [2025-08-09T19:56:55.024Z] >>> [apiv2][body] PUT https://storage.googleapis.com/gcf-v2-uploads-908148231031.us-central1.cloudfunctions.appspot.com/ece09999-e285-43b5-a36a-1a92592b1fe8.zip [stream]
[debug] [2025-08-09T19:56:55.481Z] <<< [apiv2][status] PUT https://storage.googleapis.com/gcf-v2-uploads-908148231031.us-central1.cloudfunctions.appspot.com/ece09999-e285-43b5-a36a-1a92592b1fe8.zip 200
[debug] [2025-08-09T19:56:55.481Z] <<< [apiv2][body] PUT https://storage.googleapis.com/gcf-v2-uploads-908148231031.us-central1.cloudfunctions.appspot.com/ece09999-e285-43b5-a36a-1a92592b1fe8.zip [omitted]
[info] +  functions: functions folder uploaded successfully 
[info] i  functions: updating Node.js 22 (2nd Gen) function getTotals(us-central1)... 
[info] i  functions: updating Node.js 22 (2nd Gen) function getCollectionDetails(us-central1)... 
[debug] [2025-08-09T19:56:55.486Z] Checked if tokens are valid: true, expires at: 1754772996621
[debug] [2025-08-09T19:56:55.486Z] Checked if tokens are valid: true, expires at: 1754772996621
[debug] [2025-08-09T19:56:55.487Z] >>> [apiv2][query] PATCH https://cloudfunctions.googleapis.com/v2/projects/billingapp-26e78/locations/us-central1/functions/getTotals updateMask=name%2CbuildConfig.runtime%2CbuildConfig.entryPoint%2CbuildConfig.source.storageSource.bucket%2CbuildConfig.source.storageSource.object%2CbuildConfig.environmentVariables%2CbuildConfig.sourceToken%2CserviceConfig.environmentVariables%2CserviceConfig.ingressSettings%2CserviceConfig.timeoutSeconds%2CserviceConfig.serviceAccountEmail%2CserviceConfig.availableMemory%2CserviceConfig.minInstanceCount%2CserviceConfig.maxInstanceCount%2CserviceConfig.maxInstanceRequestConcurrency%2CserviceConfig.availableCpu%2CserviceConfig.vpcConnector%2CserviceConfig.vpcConnectorEgressSettings%2Clabels
[debug] [2025-08-09T19:56:55.487Z] >>> [apiv2][body] PATCH https://cloudfunctions.googleapis.com/v2/projects/billingapp-26e78/locations/us-central1/functions/getTotals {"name":"projects/billingapp-26e78/locations/us-central1/functions/getTotals","buildConfig":{"runtime":"nodejs22","entryPoint":"getTotals","source":{"storageSource":{"bucket":"gcf-v2-uploads-908148231031.us-central1.cloudfunctions.appspot.com","object":"ece09999-e285-43b5-a36a-1a92592b1fe8.zip"}},"environmentVariables":{"GOOGLE_NODE_RUN_SCRIPTS":""}},"serviceConfig":{"environmentVariables":{"FIREBASE_CONFIG":"{\"projectId\":\"billingapp-26e78\",\"databaseURL\":\"https://billingapp-26e78-default-rtdb.firebaseio.com\",\"storageBucket\":\"billingapp-26e78.firebasestorage.app\"}","GCLOUD_PROJECT":"billingapp-26e78","EVENTARC_CLOUD_EVENT_SOURCE":"projects/billingapp-26e78/locations/us-central1/services/getTotals","FUNCTION_TARGET":"getTotals","LOG_EXECUTION_ID":"true"},"ingressSettings":null,"timeoutSeconds":null,"serviceAccountEmail":null,"availableMemory":"256Mi","minInstanceCount":null,"maxInstanceCount":null,"maxInstanceRequestConcurrency":80,"availableCpu":"1","vpcConnector":null,"vpcConnectorEgressSettings":null},"labels":{"deployment-tool":"cli-firebase","deployment-callable":"true","firebase-functions-hash":"77732069acba2351893c04669aeed2dcd2831924"}}
[debug] [2025-08-09T19:56:57.061Z] <<< [apiv2][status] PATCH https://cloudfunctions.googleapis.com/v2/projects/billingapp-26e78/locations/us-central1/functions/getTotals 200
[debug] [2025-08-09T19:56:57.061Z] <<< [apiv2][body] PATCH https://cloudfunctions.googleapis.com/v2/projects/billingapp-26e78/locations/us-central1/functions/getTotals {"name":"projects/billingapp-26e78/locations/us-central1/operations/operation-1754769416118-63bf417b5e07a-64d6db94-20898b7e","metadata":{"@type":"type.googleapis.com/google.cloud.functions.v2.OperationMetadata","createTime":"2025-08-09T19:56:56.995056918Z","target":"projects/billingapp-26e78/locations/us-central1/functions/getTotals","verb":"update","cancelRequested":false,"apiVersion":"v2"},"done":false}
[debug] [2025-08-09T19:56:57.062Z] Checked if tokens are valid: true, expires at: 1754772996621
[debug] [2025-08-09T19:56:57.062Z] Checked if tokens are valid: true, expires at: 1754772996621
[debug] [2025-08-09T19:56:57.062Z] >>> [apiv2][query] GET https://cloudfunctions.googleapis.com/v2/projects/billingapp-26e78/locations/us-central1/operations/operation-1754769416118-63bf417b5e07a-64d6db94-20898b7e [none]
[debug] [2025-08-09T19:56:57.750Z] <<< [apiv2][status] GET https://cloudfunctions.googleapis.com/v2/projects/billingapp-26e78/locations/us-central1/operations/operation-1754769416118-63bf417b5e07a-64d6db94-20898b7e 200
[debug] [2025-08-09T19:56:57.750Z] <<< [apiv2][body] GET https://cloudfunctions.googleapis.com/v2/projects/billingapp-26e78/locations/us-central1/operations/operation-1754769416118-63bf417b5e07a-64d6db94-20898b7e {"name":"projects/billingapp-26e78/locations/us-central1/operations/operation-1754769416118-63bf417b5e07a-64d6db94-20898b7e","metadata":{"@type":"type.googleapis.com/google.cloud.functions.v2.OperationMetadata","createTime":"2025-08-09T19:56:56.995056918Z","target":"projects/billingapp-26e78/locations/us-central1/functions/getTotals","verb":"update","cancelRequested":false,"apiVersion":"v2","requestResource":{"@type":"type.googleapis.com/google.cloud.functions.v2.Function","name":"projects/billingapp-26e78/locations/us-central1/functions/getTotals","buildConfig":{"runtime":"nodejs22","entryPoint":"getTotals","source":{"storageSource":{"bucket":"gcf-v2-sources-908148231031-us-central1","object":"getTotals/function-source.zip","generation":"1754769416937782"}},"environmentVariables":{"GOOGLE_NODE_RUN_SCRIPTS":""},"dockerRepository":"projects/billingapp-26e78/locations/us-central1/repositories/gcf-artifacts","sourceProvenance":{"resolvedStorageSource":{"bucket":"gcf-v2-sources-908148231031-us-central1","object":"getTotals/function-source.zip","generation":"1754765933299308"}},"dockerRegistry":"ARTIFACT_REGISTRY","serviceAccount":"projects/billingapp-26e78/serviceAccounts/908148231031-compute@developer.gserviceaccount.com","automaticUpdatePolicy":{}},"serviceConfig":{"service":"projects/billingapp-26e78/locations/us-central1/services/gettotals","timeoutSeconds":60,"environmentVariables":{"FIREBASE_CONFIG":"{\"projectId\":\"billingapp-26e78\",\"databaseURL\":\"https://billingapp-26e78-default-rtdb.firebaseio.com\",\"storageBucket\":\"billingapp-26e78.firebasestorage.app\"}","GCLOUD_PROJECT":"billingapp-26e78","EVENTARC_CLOUD_EVENT_SOURCE":"projects/billingapp-26e78/locations/us-central1/services/getTotals","FUNCTION_TARGET":"getTotals","LOG_EXECUTION_ID":"true"},"ingressSettings":"ALLOW_ALL","uri":"https://gettotals-ymqu6pozna-uc.a.run.app","serviceAccountEmail":"908148231031-compute@developer.gserviceaccount.com","availableMemory":"256Mi","allTrafficOnLatestRevision":true,"revision":"gettotals-00003-yew","maxInstanceRequestConcurrency":80,"availableCpu":"1"},"state":"ACTIVE","labels":{"deployment-tool":"cli-firebase","deployment-callable":"true","firebase-functions-hash":"77732069acba2351893c04669aeed2dcd2831924"},"environment":"GEN_2","url":"https://us-central1-billingapp-26e78.cloudfunctions.net/getTotals","satisfiesPzi":true},"stages":[{"name":"BUILD","state":"NOT_STARTED"},{"name":"SERVICE","state":"NOT_STARTED"}],"operationType":"UPDATE_FUNCTION"},"done":false}
[debug] [2025-08-09T19:56:58.262Z] [update-default-us-central1-getTotals] Retrying task index 0
[debug] [2025-08-09T19:56:58.262Z] Checked if tokens are valid: true, expires at: 1754772996621
[debug] [2025-08-09T19:56:58.262Z] Checked if tokens are valid: true, expires at: 1754772996621
[debug] [2025-08-09T19:56:58.263Z] >>> [apiv2][query] GET https://cloudfunctions.googleapis.com/v2/projects/billingapp-26e78/locations/us-central1/operations/operation-1754769416118-63bf417b5e07a-64d6db94-20898b7e [none]
[debug] [2025-08-09T19:56:58.943Z] <<< [apiv2][status] GET https://cloudfunctions.googleapis.com/v2/projects/billingapp-26e78/locations/us-central1/operations/operation-1754769416118-63bf417b5e07a-64d6db94-20898b7e 200
[debug] [2025-08-09T19:56:58.943Z] <<< [apiv2][body] GET https://cloudfunctions.googleapis.com/v2/projects/billingapp-26e78/locations/us-central1/operations/operation-1754769416118-63bf417b5e07a-64d6db94-20898b7e {"name":"projects/billingapp-26e78/locations/us-central1/operations/operation-1754769416118-63bf417b5e07a-64d6db94-20898b7e","metadata":{"@type":"type.googleapis.com/google.cloud.functions.v2.OperationMetadata","createTime":"2025-08-09T19:56:56.995056918Z","target":"projects/billingapp-26e78/locations/us-central1/functions/getTotals","verb":"update","cancelRequested":false,"apiVersion":"v2","requestResource":{"@type":"type.googleapis.com/google.cloud.functions.v2.Function","name":"projects/billingapp-26e78/locations/us-central1/functions/getTotals","buildConfig":{"runtime":"nodejs22","entryPoint":"getTotals","source":{"storageSource":{"bucket":"gcf-v2-sources-908148231031-us-central1","object":"getTotals/function-source.zip","generation":"1754769416937782"}},"environmentVariables":{"GOOGLE_NODE_RUN_SCRIPTS":""},"dockerRepository":"projects/billingapp-26e78/locations/us-central1/repositories/gcf-artifacts","sourceProvenance":{"resolvedStorageSource":{"bucket":"gcf-v2-sources-908148231031-us-central1","object":"getTotals/function-source.zip","generation":"1754765933299308"}},"dockerRegistry":"ARTIFACT_REGISTRY","serviceAccount":"projects/billingapp-26e78/serviceAccounts/908148231031-compute@developer.gserviceaccount.com","automaticUpdatePolicy":{}},"serviceConfig":{"service":"projects/billingapp-26e78/locations/us-central1/services/gettotals","timeoutSeconds":60,"environmentVariables":{"FIREBASE_CONFIG":"{\"projectId\":\"billingapp-26e78\",\"databaseURL\":\"https://billingapp-26e78-default-rtdb.firebaseio.com\",\"storageBucket\":\"billingapp-26e78.firebasestorage.app\"}","GCLOUD_PROJECT":"billingapp-26e78","EVENTARC_CLOUD_EVENT_SOURCE":"projects/billingapp-26e78/locations/us-central1/services/getTotals","FUNCTION_TARGET":"getTotals","LOG_EXECUTION_ID":"true"},"ingressSettings":"ALLOW_ALL","uri":"https://gettotals-ymqu6pozna-uc.a.run.app","serviceAccountEmail":"908148231031-compute@developer.gserviceaccount.com","availableMemory":"256Mi","allTrafficOnLatestRevision":true,"revision":"gettotals-00003-yew","maxInstanceRequestConcurrency":80,"availableCpu":"1"},"state":"ACTIVE","labels":{"deployment-tool":"cli-firebase","deployment-callable":"true","firebase-functions-hash":"77732069acba2351893c04669aeed2dcd2831924"},"environment":"GEN_2","url":"https://us-central1-billingapp-26e78.cloudfunctions.net/getTotals","satisfiesPzi":true},"stages":[{"name":"BUILD","message":"Build in progress","state":"IN_PROGRESS","resource":"projects/908148231031/locations/us-central1/builds/31bf111d-0df1-4eff-b194-b7c9c5307252","resourceUri":"https://console.cloud.google.com/cloud-build/builds;region=us-central1/31bf111d-0df1-4eff-b194-b7c9c5307252?project=908148231031"},{"name":"SERVICE","state":"NOT_STARTED"}],"operationType":"UPDATE_FUNCTION","buildName":"projects/908148231031/locations/us-central1/builds/31bf111d-0df1-4eff-b194-b7c9c5307252"},"done":false}
[debug] [2025-08-09T19:56:59.954Z] [update-default-us-central1-getTotals] Retrying task index 0
[debug] [2025-08-09T19:56:59.954Z] Checked if tokens are valid: true, expires at: 1754772996621
[debug] [2025-08-09T19:56:59.955Z] Checked if tokens are valid: true, expires at: 1754772996621
[debug] [2025-08-09T19:56:59.956Z] >>> [apiv2][query] GET https://cloudfunctions.googleapis.com/v2/projects/billingapp-26e78/locations/us-central1/operations/operation-1754769416118-63bf417b5e07a-64d6db94-20898b7e [none]
[debug] [2025-08-09T19:57:00.627Z] <<< [apiv2][status] GET https://cloudfunctions.googleapis.com/v2/projects/billingapp-26e78/locations/us-central1/operations/operation-1754769416118-63bf417b5e07a-64d6db94-20898b7e 200
[debug] [2025-08-09T19:57:00.627Z] <<< [apiv2][body] GET https://cloudfunctions.googleapis.com/v2/projects/billingapp-26e78/locations/us-central1/operations/operation-1754769416118-63bf417b5e07a-64d6db94-20898b7e {"name":"projects/billingapp-26e78/locations/us-central1/operations/operation-1754769416118-63bf417b5e07a-64d6db94-20898b7e","metadata":{"@type":"type.googleapis.com/google.cloud.functions.v2.OperationMetadata","createTime":"2025-08-09T19:56:56.995056918Z","target":"projects/billingapp-26e78/locations/us-central1/functions/getTotals","verb":"update","cancelRequested":false,"apiVersion":"v2","requestResource":{"@type":"type.googleapis.com/google.cloud.functions.v2.Function","name":"projects/billingapp-26e78/locations/us-central1/functions/getTotals","buildConfig":{"runtime":"nodejs22","entryPoint":"getTotals","source":{"storageSource":{"bucket":"gcf-v2-sources-908148231031-us-central1","object":"getTotals/function-source.zip","generation":"1754769416937782"}},"environmentVariables":{"GOOGLE_NODE_RUN_SCRIPTS":""},"dockerRepository":"projects/billingapp-26e78/locations/us-central1/repositories/gcf-artifacts","sourceProvenance":{"resolvedStorageSource":{"bucket":"gcf-v2-sources-908148231031-us-central1","object":"getTotals/function-source.zip","generation":"1754765933299308"}},"dockerRegistry":"ARTIFACT_REGISTRY","serviceAccount":"projects/billingapp-26e78/serviceAccounts/908148231031-compute@developer.gserviceaccount.com","automaticUpdatePolicy":{}},"serviceConfig":{"service":"projects/billingapp-26e78/locations/us-central1/services/gettotals","timeoutSeconds":60,"environmentVariables":{"FIREBASE_CONFIG":"{\"projectId\":\"billingapp-26e78\",\"databaseURL\":\"https://billingapp-26e78-default-rtdb.firebaseio.com\",\"storageBucket\":\"billingapp-26e78.firebasestorage.app\"}","GCLOUD_PROJECT":"billingapp-26e78","EVENTARC_CLOUD_EVENT_SOURCE":"projects/billingapp-26e78/locations/us-central1/services/getTotals","FUNCTION_TARGET":"getTotals","LOG_EXECUTION_ID":"true"},"ingressSettings":"ALLOW_ALL","uri":"https://gettotals-ymqu6pozna-uc.a.run.app","serviceAccountEmail":"908148231031-compute@developer.gserviceaccount.com","availableMemory":"256Mi","allTrafficOnLatestRevision":true,"revision":"gettotals-00003-yew","maxInstanceRequestConcurrency":80,"availableCpu":"1"},"state":"ACTIVE","labels":{"deployment-tool":"cli-firebase","deployment-callable":"true","firebase-functions-hash":"77732069acba2351893c04669aeed2dcd2831924"},"environment":"GEN_2","url":"https://us-central1-billingapp-26e78.cloudfunctions.net/getTotals","satisfiesPzi":true},"stages":[{"name":"BUILD","message":"Build in progress","state":"IN_PROGRESS","resource":"projects/908148231031/locations/us-central1/builds/31bf111d-0df1-4eff-b194-b7c9c5307252","resourceUri":"https://console.cloud.google.com/cloud-build/builds;region=us-central1/31bf111d-0df1-4eff-b194-b7c9c5307252?project=908148231031"},{"name":"SERVICE","state":"NOT_STARTED"}],"operationType":"UPDATE_FUNCTION","buildName":"projects/908148231031/locations/us-central1/builds/31bf111d-0df1-4eff-b194-b7c9c5307252"},"done":false}
[debug] [2025-08-09T19:57:02.628Z] [update-default-us-central1-getTotals] Retrying task index 0
[debug] [2025-08-09T19:57:02.629Z] Checked if tokens are valid: true, expires at: 1754772996621
[debug] [2025-08-09T19:57:02.629Z] Checked if tokens are valid: true, expires at: 1754772996621
[debug] [2025-08-09T19:57:02.629Z] >>> [apiv2][query] GET https://cloudfunctions.googleapis.com/v2/projects/billingapp-26e78/locations/us-central1/operations/operation-1754769416118-63bf417b5e07a-64d6db94-20898b7e [none]
[debug] [2025-08-09T19:57:03.366Z] <<< [apiv2][status] GET https://cloudfunctions.googleapis.com/v2/projects/billingapp-26e78/locations/us-central1/operations/operation-1754769416118-63bf417b5e07a-64d6db94-20898b7e 200
[debug] [2025-08-09T19:57:03.366Z] <<< [apiv2][body] GET https://cloudfunctions.googleapis.com/v2/projects/billingapp-26e78/locations/us-central1/operations/operation-1754769416118-63bf417b5e07a-64d6db94-20898b7e {"name":"projects/billingapp-26e78/locations/us-central1/operations/operation-1754769416118-63bf417b5e07a-64d6db94-20898b7e","metadata":{"@type":"type.googleapis.com/google.cloud.functions.v2.OperationMetadata","createTime":"2025-08-09T19:56:56.995056918Z","target":"projects/billingapp-26e78/locations/us-central1/functions/getTotals","verb":"update","cancelRequested":false,"apiVersion":"v2","requestResource":{"@type":"type.googleapis.com/google.cloud.functions.v2.Function","name":"projects/billingapp-26e78/locations/us-central1/functions/getTotals","buildConfig":{"runtime":"nodejs22","entryPoint":"getTotals","source":{"storageSource":{"bucket":"gcf-v2-sources-908148231031-us-central1","object":"getTotals/function-source.zip","generation":"1754769416937782"}},"environmentVariables":{"GOOGLE_NODE_RUN_SCRIPTS":""},"dockerRepository":"projects/billingapp-26e78/locations/us-central1/repositories/gcf-artifacts","sourceProvenance":{"resolvedStorageSource":{"bucket":"gcf-v2-sources-908148231031-us-central1","object":"getTotals/function-source.zip","generation":"1754765933299308"}},"dockerRegistry":"ARTIFACT_REGISTRY","serviceAccount":"projects/billingapp-26e78/serviceAccounts/908148231031-compute@developer.gserviceaccount.com","automaticUpdatePolicy":{}},"serviceConfig":{"service":"projects/billingapp-26e78/locations/us-central1/services/gettotals","timeoutSeconds":60,"environmentVariables":{"FIREBASE_CONFIG":"{\"projectId\":\"billingapp-26e78\",\"databaseURL\":\"https://billingapp-26e78-default-rtdb.firebaseio.com\",\"storageBucket\":\"billingapp-26e78.firebasestorage.app\"}","GCLOUD_PROJECT":"billingapp-26e78","EVENTARC_CLOUD_EVENT_SOURCE":"projects/billingapp-26e78/locations/us-central1/services/getTotals","FUNCTION_TARGET":"getTotals","LOG_EXECUTION_ID":"true"},"ingressSettings":"ALLOW_ALL","uri":"https://gettotals-ymqu6pozna-uc.a.run.app","serviceAccountEmail":"908148231031-compute@developer.gserviceaccount.com","availableMemory":"256Mi","allTrafficOnLatestRevision":true,"revision":"gettotals-00003-yew","maxInstanceRequestConcurrency":80,"availableCpu":"1"},"state":"ACTIVE","labels":{"deployment-tool":"cli-firebase","deployment-callable":"true","firebase-functions-hash":"77732069acba2351893c04669aeed2dcd2831924"},"environment":"GEN_2","url":"https://us-central1-billingapp-26e78.cloudfunctions.net/getTotals","satisfiesPzi":true},"stages":[{"name":"BUILD","message":"Build in progress","state":"IN_PROGRESS","resource":"projects/908148231031/locations/us-central1/builds/31bf111d-0df1-4eff-b194-b7c9c5307252","resourceUri":"https://console.cloud.google.com/cloud-build/builds;region=us-central1/31bf111d-0df1-4eff-b194-b7c9c5307252?project=908148231031"},{"name":"SERVICE","state":"NOT_STARTED"}],"operationType":"UPDATE_FUNCTION","buildName":"projects/908148231031/locations/us-central1/builds/31bf111d-0df1-4eff-b194-b7c9c5307252"},"done":false}
[debug] [2025-08-09T19:57:07.377Z] [update-default-us-central1-getTotals] Retrying task index 0
[debug] [2025-08-09T19:57:07.377Z] Checked if tokens are valid: true, expires at: 1754772996621
[debug] [2025-08-09T19:57:07.377Z] Checked if tokens are valid: true, expires at: 1754772996621
[debug] [2025-08-09T19:57:07.377Z] >>> [apiv2][query] GET https://cloudfunctions.googleapis.com/v2/projects/billingapp-26e78/locations/us-central1/operations/operation-1754769416118-63bf417b5e07a-64d6db94-20898b7e [none]
[debug] [2025-08-09T19:57:07.640Z] <<< [apiv2][status] GET https://cloudfunctions.googleapis.com/v2/projects/billingapp-26e78/locations/us-central1/operations/operation-1754769416118-63bf417b5e07a-64d6db94-20898b7e 200
[debug] [2025-08-09T19:57:07.640Z] <<< [apiv2][body] GET https://cloudfunctions.googleapis.com/v2/projects/billingapp-26e78/locations/us-central1/operations/operation-1754769416118-63bf417b5e07a-64d6db94-20898b7e {"name":"projects/billingapp-26e78/locations/us-central1/operations/operation-1754769416118-63bf417b5e07a-64d6db94-20898b7e","metadata":{"@type":"type.googleapis.com/google.cloud.functions.v2.OperationMetadata","createTime":"2025-08-09T19:56:56.995056918Z","target":"projects/billingapp-26e78/locations/us-central1/functions/getTotals","verb":"update","cancelRequested":false,"apiVersion":"v2","requestResource":{"@type":"type.googleapis.com/google.cloud.functions.v2.Function","name":"projects/billingapp-26e78/locations/us-central1/functions/getTotals","buildConfig":{"runtime":"nodejs22","entryPoint":"getTotals","source":{"storageSource":{"bucket":"gcf-v2-sources-908148231031-us-central1","object":"getTotals/function-source.zip","generation":"1754769416937782"}},"environmentVariables":{"GOOGLE_NODE_RUN_SCRIPTS":""},"dockerRepository":"projects/billingapp-26e78/locations/us-central1/repositories/gcf-artifacts","sourceProvenance":{"resolvedStorageSource":{"bucket":"gcf-v2-sources-908148231031-us-central1","object":"getTotals/function-source.zip","generation":"1754765933299308"}},"dockerRegistry":"ARTIFACT_REGISTRY","serviceAccount":"projects/billingapp-26e78/serviceAccounts/908148231031-compute@developer.gserviceaccount.com","automaticUpdatePolicy":{}},"serviceConfig":{"service":"projects/billingapp-26e78/locations/us-central1/services/gettotals","timeoutSeconds":60,"environmentVariables":{"FIREBASE_CONFIG":"{\"projectId\":\"billingapp-26e78\",\"databaseURL\":\"https://billingapp-26e78-default-rtdb.firebaseio.com\",\"storageBucket\":\"billingapp-26e78.firebasestorage.app\"}","GCLOUD_PROJECT":"billingapp-26e78","EVENTARC_CLOUD_EVENT_SOURCE":"projects/billingapp-26e78/locations/us-central1/services/getTotals","FUNCTION_TARGET":"getTotals","LOG_EXECUTION_ID":"true"},"ingressSettings":"ALLOW_ALL","uri":"https://gettotals-ymqu6pozna-uc.a.run.app","serviceAccountEmail":"908148231031-compute@developer.gserviceaccount.com","availableMemory":"256Mi","allTrafficOnLatestRevision":true,"revision":"gettotals-00003-yew","maxInstanceRequestConcurrency":80,"availableCpu":"1"},"state":"ACTIVE","labels":{"deployment-tool":"cli-firebase","deployment-callable":"true","firebase-functions-hash":"77732069acba2351893c04669aeed2dcd2831924"},"environment":"GEN_2","url":"https://us-central1-billingapp-26e78.cloudfunctions.net/getTotals","satisfiesPzi":true},"stages":[{"name":"BUILD","message":"Build in progress","state":"IN_PROGRESS","resource":"projects/908148231031/locations/us-central1/builds/31bf111d-0df1-4eff-b194-b7c9c5307252","resourceUri":"https://console.cloud.google.com/cloud-build/builds;region=us-central1/31bf111d-0df1-4eff-b194-b7c9c5307252?project=908148231031"},{"name":"SERVICE","state":"NOT_STARTED"}],"operationType":"UPDATE_FUNCTION","buildName":"projects/908148231031/locations/us-central1/builds/31bf111d-0df1-4eff-b194-b7c9c5307252"},"done":false}
[debug] [2025-08-09T19:57:15.646Z] [update-default-us-central1-getTotals] Retrying task index 0
[debug] [2025-08-09T19:57:15.647Z] Checked if tokens are valid: true, expires at: 1754772996621
[debug] [2025-08-09T19:57:15.647Z] Checked if tokens are valid: true, expires at: 1754772996621
[debug] [2025-08-09T19:57:15.647Z] >>> [apiv2][query] GET https://cloudfunctions.googleapis.com/v2/projects/billingapp-26e78/locations/us-central1/operations/operation-1754769416118-63bf417b5e07a-64d6db94-20898b7e [none]
[debug] [2025-08-09T19:57:16.396Z] <<< [apiv2][status] GET https://cloudfunctions.googleapis.com/v2/projects/billingapp-26e78/locations/us-central1/operations/operation-1754769416118-63bf417b5e07a-64d6db94-20898b7e 200
[debug] [2025-08-09T19:57:16.396Z] <<< [apiv2][body] GET https://cloudfunctions.googleapis.com/v2/projects/billingapp-26e78/locations/us-central1/operations/operation-1754769416118-63bf417b5e07a-64d6db94-20898b7e {"name":"projects/billingapp-26e78/locations/us-central1/operations/operation-1754769416118-63bf417b5e07a-64d6db94-20898b7e","metadata":{"@type":"type.googleapis.com/google.cloud.functions.v2.OperationMetadata","createTime":"2025-08-09T19:56:56.995056918Z","target":"projects/billingapp-26e78/locations/us-central1/functions/getTotals","verb":"update","cancelRequested":false,"apiVersion":"v2","requestResource":{"@type":"type.googleapis.com/google.cloud.functions.v2.Function","name":"projects/billingapp-26e78/locations/us-central1/functions/getTotals","buildConfig":{"runtime":"nodejs22","entryPoint":"getTotals","source":{"storageSource":{"bucket":"gcf-v2-sources-908148231031-us-central1","object":"getTotals/function-source.zip","generation":"1754769416937782"}},"environmentVariables":{"GOOGLE_NODE_RUN_SCRIPTS":""},"dockerRepository":"projects/billingapp-26e78/locations/us-central1/repositories/gcf-artifacts","sourceProvenance":{"resolvedStorageSource":{"bucket":"gcf-v2-sources-908148231031-us-central1","object":"getTotals/function-source.zip","generation":"1754765933299308"}},"dockerRegistry":"ARTIFACT_REGISTRY","serviceAccount":"projects/billingapp-26e78/serviceAccounts/908148231031-compute@developer.gserviceaccount.com","automaticUpdatePolicy":{}},"serviceConfig":{"service":"projects/billingapp-26e78/locations/us-central1/services/gettotals","timeoutSeconds":60,"environmentVariables":{"FIREBASE_CONFIG":"{\"projectId\":\"billingapp-26e78\",\"databaseURL\":\"https://billingapp-26e78-default-rtdb.firebaseio.com\",\"storageBucket\":\"billingapp-26e78.firebasestorage.app\"}","GCLOUD_PROJECT":"billingapp-26e78","EVENTARC_CLOUD_EVENT_SOURCE":"projects/billingapp-26e78/locations/us-central1/services/getTotals","FUNCTION_TARGET":"getTotals","LOG_EXECUTION_ID":"true"},"ingressSettings":"ALLOW_ALL","uri":"https://gettotals-ymqu6pozna-uc.a.run.app","serviceAccountEmail":"908148231031-compute@developer.gserviceaccount.com","availableMemory":"256Mi","allTrafficOnLatestRevision":true,"revision":"gettotals-00003-yew","maxInstanceRequestConcurrency":80,"availableCpu":"1"},"state":"ACTIVE","labels":{"deployment-tool":"cli-firebase","deployment-callable":"true","firebase-functions-hash":"77732069acba2351893c04669aeed2dcd2831924"},"environment":"GEN_2","url":"https://us-central1-billingapp-26e78.cloudfunctions.net/getTotals","satisfiesPzi":true},"stages":[{"name":"BUILD","message":"Build in progress","state":"IN_PROGRESS","resource":"projects/908148231031/locations/us-central1/builds/31bf111d-0df1-4eff-b194-b7c9c5307252","resourceUri":"https://console.cloud.google.com/cloud-build/builds;region=us-central1/31bf111d-0df1-4eff-b194-b7c9c5307252?project=908148231031"},{"name":"SERVICE","state":"NOT_STARTED"}],"operationType":"UPDATE_FUNCTION","buildName":"projects/908148231031/locations/us-central1/builds/31bf111d-0df1-4eff-b194-b7c9c5307252"},"done":false}
[debug] [2025-08-09T19:57:26.397Z] [update-default-us-central1-getTotals] Retrying task index 0
[debug] [2025-08-09T19:57:26.398Z] Checked if tokens are valid: true, expires at: 1754772996621
[debug] [2025-08-09T19:57:26.398Z] Checked if tokens are valid: true, expires at: 1754772996621
[debug] [2025-08-09T19:57:26.398Z] >>> [apiv2][query] GET https://cloudfunctions.googleapis.com/v2/projects/billingapp-26e78/locations/us-central1/operations/operation-1754769416118-63bf417b5e07a-64d6db94-20898b7e [none]
[debug] [2025-08-09T19:57:27.093Z] <<< [apiv2][status] GET https://cloudfunctions.googleapis.com/v2/projects/billingapp-26e78/locations/us-central1/operations/operation-1754769416118-63bf417b5e07a-64d6db94-20898b7e 200
[debug] [2025-08-09T19:57:27.093Z] <<< [apiv2][body] GET https://cloudfunctions.googleapis.com/v2/projects/billingapp-26e78/locations/us-central1/operations/operation-1754769416118-63bf417b5e07a-64d6db94-20898b7e {"name":"projects/billingapp-26e78/locations/us-central1/operations/operation-1754769416118-63bf417b5e07a-64d6db94-20898b7e","metadata":{"@type":"type.googleapis.com/google.cloud.functions.v2.OperationMetadata","createTime":"2025-08-09T19:56:56.995056918Z","target":"projects/billingapp-26e78/locations/us-central1/functions/getTotals","verb":"update","cancelRequested":false,"apiVersion":"v2","requestResource":{"@type":"type.googleapis.com/google.cloud.functions.v2.Function","name":"projects/billingapp-26e78/locations/us-central1/functions/getTotals","buildConfig":{"runtime":"nodejs22","entryPoint":"getTotals","source":{"storageSource":{"bucket":"gcf-v2-sources-908148231031-us-central1","object":"getTotals/function-source.zip","generation":"1754769416937782"}},"environmentVariables":{"GOOGLE_NODE_RUN_SCRIPTS":""},"dockerRepository":"projects/billingapp-26e78/locations/us-central1/repositories/gcf-artifacts","sourceProvenance":{"resolvedStorageSource":{"bucket":"gcf-v2-sources-908148231031-us-central1","object":"getTotals/function-source.zip","generation":"1754765933299308"}},"dockerRegistry":"ARTIFACT_REGISTRY","serviceAccount":"projects/billingapp-26e78/serviceAccounts/908148231031-compute@developer.gserviceaccount.com","automaticUpdatePolicy":{}},"serviceConfig":{"service":"projects/billingapp-26e78/locations/us-central1/services/gettotals","timeoutSeconds":60,"environmentVariables":{"FIREBASE_CONFIG":"{\"projectId\":\"billingapp-26e78\",\"databaseURL\":\"https://billingapp-26e78-default-rtdb.firebaseio.com\",\"storageBucket\":\"billingapp-26e78.firebasestorage.app\"}","GCLOUD_PROJECT":"billingapp-26e78","EVENTARC_CLOUD_EVENT_SOURCE":"projects/billingapp-26e78/locations/us-central1/services/getTotals","FUNCTION_TARGET":"getTotals","LOG_EXECUTION_ID":"true"},"ingressSettings":"ALLOW_ALL","uri":"https://gettotals-ymqu6pozna-uc.a.run.app","serviceAccountEmail":"908148231031-compute@developer.gserviceaccount.com","availableMemory":"256Mi","allTrafficOnLatestRevision":true,"revision":"gettotals-00003-yew","maxInstanceRequestConcurrency":80,"availableCpu":"1"},"state":"ACTIVE","labels":{"deployment-tool":"cli-firebase","deployment-callable":"true","firebase-functions-hash":"77732069acba2351893c04669aeed2dcd2831924"},"environment":"GEN_2","url":"https://us-central1-billingapp-26e78.cloudfunctions.net/getTotals","satisfiesPzi":true},"stages":[{"name":"BUILD","message":"Build in progress","state":"IN_PROGRESS","resource":"projects/908148231031/locations/us-central1/builds/31bf111d-0df1-4eff-b194-b7c9c5307252","resourceUri":"https://console.cloud.google.com/cloud-build/builds;region=us-central1/31bf111d-0df1-4eff-b194-b7c9c5307252?project=908148231031"},{"name":"SERVICE","state":"NOT_STARTED"}],"operationType":"UPDATE_FUNCTION","buildName":"projects/908148231031/locations/us-central1/builds/31bf111d-0df1-4eff-b194-b7c9c5307252"},"done":false}
[debug] [2025-08-09T19:57:37.093Z] [update-default-us-central1-getTotals] Retrying task index 0
[debug] [2025-08-09T19:57:37.093Z] Checked if tokens are valid: true, expires at: 1754772996621
[debug] [2025-08-09T19:57:37.094Z] Checked if tokens are valid: true, expires at: 1754772996621
[debug] [2025-08-09T19:57:37.094Z] >>> [apiv2][query] GET https://cloudfunctions.googleapis.com/v2/projects/billingapp-26e78/locations/us-central1/operations/operation-1754769416118-63bf417b5e07a-64d6db94-20898b7e [none]
[debug] [2025-08-09T19:57:37.780Z] <<< [apiv2][status] GET https://cloudfunctions.googleapis.com/v2/projects/billingapp-26e78/locations/us-central1/operations/operation-1754769416118-63bf417b5e07a-64d6db94-20898b7e 200
[debug] [2025-08-09T19:57:37.780Z] <<< [apiv2][body] GET https://cloudfunctions.googleapis.com/v2/projects/billingapp-26e78/locations/us-central1/operations/operation-1754769416118-63bf417b5e07a-64d6db94-20898b7e {"name":"projects/billingapp-26e78/locations/us-central1/operations/operation-1754769416118-63bf417b5e07a-64d6db94-20898b7e","metadata":{"@type":"type.googleapis.com/google.cloud.functions.v2.OperationMetadata","createTime":"2025-08-09T19:56:56.995056918Z","target":"projects/billingapp-26e78/locations/us-central1/functions/getTotals","verb":"update","cancelRequested":false,"apiVersion":"v2","requestResource":{"@type":"type.googleapis.com/google.cloud.functions.v2.Function","name":"projects/billingapp-26e78/locations/us-central1/functions/getTotals","buildConfig":{"runtime":"nodejs22","entryPoint":"getTotals","source":{"storageSource":{"bucket":"gcf-v2-sources-908148231031-us-central1","object":"getTotals/function-source.zip","generation":"1754769416937782"}},"environmentVariables":{"GOOGLE_NODE_RUN_SCRIPTS":""},"dockerRepository":"projects/billingapp-26e78/locations/us-central1/repositories/gcf-artifacts","sourceProvenance":{"resolvedStorageSource":{"bucket":"gcf-v2-sources-908148231031-us-central1","object":"getTotals/function-source.zip","generation":"1754765933299308"}},"dockerRegistry":"ARTIFACT_REGISTRY","serviceAccount":"projects/billingapp-26e78/serviceAccounts/908148231031-compute@developer.gserviceaccount.com","automaticUpdatePolicy":{}},"serviceConfig":{"service":"projects/billingapp-26e78/locations/us-central1/services/gettotals","timeoutSeconds":60,"environmentVariables":{"FIREBASE_CONFIG":"{\"projectId\":\"billingapp-26e78\",\"databaseURL\":\"https://billingapp-26e78-default-rtdb.firebaseio.com\",\"storageBucket\":\"billingapp-26e78.firebasestorage.app\"}","GCLOUD_PROJECT":"billingapp-26e78","EVENTARC_CLOUD_EVENT_SOURCE":"projects/billingapp-26e78/locations/us-central1/services/getTotals","FUNCTION_TARGET":"getTotals","LOG_EXECUTION_ID":"true"},"ingressSettings":"ALLOW_ALL","uri":"https://gettotals-ymqu6pozna-uc.a.run.app","serviceAccountEmail":"908148231031-compute@developer.gserviceaccount.com","availableMemory":"256Mi","allTrafficOnLatestRevision":true,"revision":"gettotals-00003-yew","maxInstanceRequestConcurrency":80,"availableCpu":"1"},"state":"ACTIVE","labels":{"deployment-tool":"cli-firebase","deployment-callable":"true","firebase-functions-hash":"77732069acba2351893c04669aeed2dcd2831924"},"environment":"GEN_2","url":"https://us-central1-billingapp-26e78.cloudfunctions.net/getTotals","satisfiesPzi":true},"stages":[{"name":"BUILD","message":"Build in progress","state":"IN_PROGRESS","resource":"projects/908148231031/locations/us-central1/builds/31bf111d-0df1-4eff-b194-b7c9c5307252","resourceUri":"https://console.cloud.google.com/cloud-build/builds;region=us-central1/31bf111d-0df1-4eff-b194-b7c9c5307252?project=908148231031"},{"name":"SERVICE","state":"NOT_STARTED"}],"operationType":"UPDATE_FUNCTION","buildName":"projects/908148231031/locations/us-central1/builds/31bf111d-0df1-4eff-b194-b7c9c5307252"},"done":false}
[debug] [2025-08-09T19:57:47.781Z] [update-default-us-central1-getTotals] Retrying task index 0
[debug] [2025-08-09T19:57:47.781Z] Checked if tokens are valid: true, expires at: 1754772996621
[debug] [2025-08-09T19:57:47.781Z] Checked if tokens are valid: true, expires at: 1754772996621
[debug] [2025-08-09T19:57:47.781Z] >>> [apiv2][query] GET https://cloudfunctions.googleapis.com/v2/projects/billingapp-26e78/locations/us-central1/operations/operation-1754769416118-63bf417b5e07a-64d6db94-20898b7e [none]
[debug] [2025-08-09T19:57:48.474Z] <<< [apiv2][status] GET https://cloudfunctions.googleapis.com/v2/projects/billingapp-26e78/locations/us-central1/operations/operation-1754769416118-63bf417b5e07a-64d6db94-20898b7e 200
[debug] [2025-08-09T19:57:48.474Z] <<< [apiv2][body] GET https://cloudfunctions.googleapis.com/v2/projects/billingapp-26e78/locations/us-central1/operations/operation-1754769416118-63bf417b5e07a-64d6db94-20898b7e {"name":"projects/billingapp-26e78/locations/us-central1/operations/operation-1754769416118-63bf417b5e07a-64d6db94-20898b7e","metadata":{"@type":"type.googleapis.com/google.cloud.functions.v2.OperationMetadata","createTime":"2025-08-09T19:56:56.995056918Z","target":"projects/billingapp-26e78/locations/us-central1/functions/getTotals","verb":"update","cancelRequested":false,"apiVersion":"v2","requestResource":{"@type":"type.googleapis.com/google.cloud.functions.v2.Function","name":"projects/billingapp-26e78/locations/us-central1/functions/getTotals","buildConfig":{"runtime":"nodejs22","entryPoint":"getTotals","source":{"storageSource":{"bucket":"gcf-v2-sources-908148231031-us-central1","object":"getTotals/function-source.zip","generation":"1754769416937782"}},"environmentVariables":{"GOOGLE_NODE_RUN_SCRIPTS":""},"dockerRepository":"projects/billingapp-26e78/locations/us-central1/repositories/gcf-artifacts","sourceProvenance":{"resolvedStorageSource":{"bucket":"gcf-v2-sources-908148231031-us-central1","object":"getTotals/function-source.zip","generation":"1754765933299308"}},"dockerRegistry":"ARTIFACT_REGISTRY","serviceAccount":"projects/billingapp-26e78/serviceAccounts/908148231031-compute@developer.gserviceaccount.com","automaticUpdatePolicy":{}},"serviceConfig":{"service":"projects/billingapp-26e78/locations/us-central1/services/gettotals","timeoutSeconds":60,"environmentVariables":{"FIREBASE_CONFIG":"{\"projectId\":\"billingapp-26e78\",\"databaseURL\":\"https://billingapp-26e78-default-rtdb.firebaseio.com\",\"storageBucket\":\"billingapp-26e78.firebasestorage.app\"}","GCLOUD_PROJECT":"billingapp-26e78","EVENTARC_CLOUD_EVENT_SOURCE":"projects/billingapp-26e78/locations/us-central1/services/getTotals","FUNCTION_TARGET":"getTotals","LOG_EXECUTION_ID":"true"},"ingressSettings":"ALLOW_ALL","uri":"https://gettotals-ymqu6pozna-uc.a.run.app","serviceAccountEmail":"908148231031-compute@developer.gserviceaccount.com","availableMemory":"256Mi","allTrafficOnLatestRevision":true,"revision":"gettotals-00003-yew","maxInstanceRequestConcurrency":80,"availableCpu":"1"},"state":"ACTIVE","labels":{"deployment-tool":"cli-firebase","deployment-callable":"true","firebase-functions-hash":"77732069acba2351893c04669aeed2dcd2831924"},"environment":"GEN_2","url":"https://us-central1-billingapp-26e78.cloudfunctions.net/getTotals","satisfiesPzi":true},"stages":[{"name":"BUILD","message":"Build finished","state":"COMPLETE","resource":"projects/908148231031/locations/us-central1/builds/31bf111d-0df1-4eff-b194-b7c9c5307252","resourceUri":"https://console.cloud.google.com/cloud-build/builds;region=us-central1/31bf111d-0df1-4eff-b194-b7c9c5307252?project=908148231031"},{"name":"SERVICE","message":"Updating Cloud Run service","state":"IN_PROGRESS","resource":"projects/billingapp-26e78/locations/us-central1/services/gettotals","resourceUri":"https://console.cloud.google.com/run/detail/us-central1/gettotals?project=billingapp-26e78","stateMessages":[{"severity":"INFO","type":"CloudRunServiceNewRevisionTrafficInfo","message":"A new revision will be deployed serving with 100% traffic."}]}],"sourceToken":"Cldwcm9qZWN0cy85MDgxNDgyMzEwMzEvbG9jYXRpb25zL3VzLWNlbnRyYWwxL2J1aWxkcy8zMWJmMTExZC0wZGYxLTRlZmYtYjE5NC1iN2M5YzUzMDcyNTISb3VzLWNlbnRyYWwxLWRvY2tlci5wa2cuZGV2L2JpbGxpbmdhcHAtMjZlNzgvZ2NmLWFydGlmYWN0cy9iaWxsaW5nYXBwLS0yNmU3OF9fdXMtLWNlbnRyYWwxX19nZXRfdG90YWxzOnZlcnNpb25fMRj3lumOtxoiQ3Byb2plY3RzL2JpbGxpbmdhcHAtMjZlNzgvbG9jYXRpb25zL3VzLWNlbnRyYWwxL2Z1bmN0aW9ucy9nZXRUb3RhbHMqCwi10N7EBhDIjexHMghub2RlanMyMjp2CiNnY3IuaW8vZ2FlLXJ1bnRpbWVzL25vZGVqczIyOnN0YWJsZRJPdXMtY2VudHJhbDEtZG9ja2VyLnBrZy5kZXYvc2VydmVybGVzcy1ydW50aW1lcy9nb29nbGUtMjItZnVsbC9ydW50aW1lcy9ub2RlanMyMkAB","operationType":"UPDATE_FUNCTION","buildName":"projects/908148231031/locations/us-central1/builds/31bf111d-0df1-4eff-b194-b7c9c5307252"},"done":false}
[debug] [2025-08-09T19:57:48.474Z] Got source token Cldwcm9qZWN0cy85MDgxNDgyMzEwMzEvbG9jYXRpb25zL3VzLWNlbnRyYWwxL2J1aWxkcy8zMWJmMTExZC0wZGYxLTRlZmYtYjE5NC1iN2M5YzUzMDcyNTISb3VzLWNlbnRyYWwxLWRvY2tlci5wa2cuZGV2L2JpbGxpbmdhcHAtMjZlNzgvZ2NmLWFydGlmYWN0cy9iaWxsaW5nYXBwLS0yNmU3OF9fdXMtLWNlbnRyYWwxX19nZXRfdG90YWxzOnZlcnNpb25fMRj3lumOtxoiQ3Byb2plY3RzL2JpbGxpbmdhcHAtMjZlNzgvbG9jYXRpb25zL3VzLWNlbnRyYWwxL2Z1bmN0aW9ucy9nZXRUb3RhbHMqCwi10N7EBhDIjexHMghub2RlanMyMjp2CiNnY3IuaW8vZ2FlLXJ1bnRpbWVzL25vZGVqczIyOnN0YWJsZRJPdXMtY2VudHJhbDEtZG9ja2VyLnBrZy5kZXYvc2VydmVybGVzcy1ydW50aW1lcy9nb29nbGUtMjItZnVsbC9ydW50aW1lcy9ub2RlanMyMkAB for region us-central1
[debug] [2025-08-09T19:57:48.475Z] Checked if tokens are valid: true, expires at: 1754772996621
[debug] [2025-08-09T19:57:48.475Z] Checked if tokens are valid: true, expires at: 1754772996621
[debug] [2025-08-09T19:57:48.475Z] >>> [apiv2][query] PATCH https://cloudfunctions.googleapis.com/v2/projects/billingapp-26e78/locations/us-central1/functions/getCollectionDetails updateMask=name%2CbuildConfig.runtime%2CbuildConfig.entryPoint%2CbuildConfig.source.storageSource.bucket%2CbuildConfig.source.storageSource.object%2CbuildConfig.environmentVariables%2CbuildConfig.sourceToken%2CserviceConfig.environmentVariables%2CserviceConfig.ingressSettings%2CserviceConfig.timeoutSeconds%2CserviceConfig.serviceAccountEmail%2CserviceConfig.availableMemory%2CserviceConfig.minInstanceCount%2CserviceConfig.maxInstanceCount%2CserviceConfig.maxInstanceRequestConcurrency%2CserviceConfig.availableCpu%2CserviceConfig.vpcConnector%2CserviceConfig.vpcConnectorEgressSettings%2Clabels
[debug] [2025-08-09T19:57:48.475Z] >>> [apiv2][body] PATCH https://cloudfunctions.googleapis.com/v2/projects/billingapp-26e78/locations/us-central1/functions/getCollectionDetails {"name":"projects/billingapp-26e78/locations/us-central1/functions/getCollectionDetails","buildConfig":{"runtime":"nodejs22","entryPoint":"getCollectionDetails","source":{"storageSource":{"bucket":"gcf-v2-uploads-908148231031.us-central1.cloudfunctions.appspot.com","object":"ece09999-e285-43b5-a36a-1a92592b1fe8.zip"}},"environmentVariables":{"GOOGLE_NODE_RUN_SCRIPTS":""},"sourceToken":"Cldwcm9qZWN0cy85MDgxNDgyMzEwMzEvbG9jYXRpb25zL3VzLWNlbnRyYWwxL2J1aWxkcy8zMWJmMTExZC0wZGYxLTRlZmYtYjE5NC1iN2M5YzUzMDcyNTISb3VzLWNlbnRyYWwxLWRvY2tlci5wa2cuZGV2L2JpbGxpbmdhcHAtMjZlNzgvZ2NmLWFydGlmYWN0cy9iaWxsaW5nYXBwLS0yNmU3OF9fdXMtLWNlbnRyYWwxX19nZXRfdG90YWxzOnZlcnNpb25fMRj3lumOtxoiQ3Byb2plY3RzL2JpbGxpbmdhcHAtMjZlNzgvbG9jYXRpb25zL3VzLWNlbnRyYWwxL2Z1bmN0aW9ucy9nZXRUb3RhbHMqCwi10N7EBhDIjexHMghub2RlanMyMjp2CiNnY3IuaW8vZ2FlLXJ1bnRpbWVzL25vZGVqczIyOnN0YWJsZRJPdXMtY2VudHJhbDEtZG9ja2VyLnBrZy5kZXYvc2VydmVybGVzcy1ydW50aW1lcy9nb29nbGUtMjItZnVsbC9ydW50aW1lcy9ub2RlanMyMkAB"},"serviceConfig":{"environmentVariables":{"FIREBASE_CONFIG":"{\"projectId\":\"billingapp-26e78\",\"databaseURL\":\"https://billingapp-26e78-default-rtdb.firebaseio.com\",\"storageBucket\":\"billingapp-26e78.firebasestorage.app\"}","GCLOUD_PROJECT":"billingapp-26e78","EVENTARC_CLOUD_EVENT_SOURCE":"projects/billingapp-26e78/locations/us-central1/services/getCollectionDetails","FUNCTION_TARGET":"getCollectionDetails","LOG_EXECUTION_ID":"true","FUNCTION_SIGNATURE_TYPE":"http"},"ingressSettings":null,"timeoutSeconds":null,"serviceAccountEmail":null,"availableMemory":"256Mi","minInstanceCount":null,"maxInstanceCount":null,"maxInstanceRequestConcurrency":80,"availableCpu":"1","vpcConnector":null,"vpcConnectorEgressSettings":null},"labels":{"deployment-tool":"cli-firebase","deployment-callable":"true","firebase-functions-hash":"77732069acba2351893c04669aeed2dcd2831924"}}
