kotlin version: 2.0.21
error message: org.jetbrains.kotlin.util.FileAnalysisException: While analysing D:/BillingApp/app/src/main/java/com/example/billingapp/ui/screens/home/MonthlyCollectionScreen.kt:184:5: org.jetbrains.kotlin.utils.exceptions.KotlinIllegalArgumentExceptionWithAttachments: Expected expression 'FirArrayLiteralImpl' to be resolved
	at org.jetbrains.kotlin.util.AnalysisExceptionsKt.wrapIntoFileAnalysisExceptionIfNeeded(AnalysisExceptions.kt:57)
	at org.jetbrains.kotlin.fir.FirCliExceptionHandler.handleExceptionOnFileAnalysis(Utils.kt:249)
	at org.jetbrains.kotlin.fir.resolve.transformers.body.resolve.FirDeclarationsResolveTransformer.transformFile(FirDeclarationsResolveTransformer.kt:1667)
	at org.jetbrains.kotlin.fir.resolve.transformers.body.resolve.FirAbstractBodyResolveTransformerDispatcher.transformFile(FirAbstractBodyResolveTransformerDispatcher.kt:57)
	at org.jetbrains.kotlin.fir.resolve.transformers.body.resolve.FirAbstractBodyResolveTransformerDispatcher.transformFile(FirAbstractBodyResolveTransformerDispatcher.kt:24)
	at org.jetbrains.kotlin.fir.declarations.FirFile.transform(FirFile.kt:46)
	at org.jetbrains.kotlin.fir.resolve.transformers.body.resolve.FirBodyResolveTransformerAdapter.transformFile(FirBodyResolveTransformerAdapters.kt:41)
	at org.jetbrains.kotlin.fir.declarations.FirFile.transform(FirFile.kt:46)
	at org.jetbrains.kotlin.fir.resolve.transformers.FirTransformerBasedResolveProcessor.processFile(FirResolveProcessor.kt:48)
	at org.jetbrains.kotlin.fir.resolve.transformers.FirTotalResolveProcessor.process(FirTotalResolveProcessor.kt:36)
	at org.jetbrains.kotlin.fir.pipeline.AnalyseKt.runResolution(analyse.kt:20)
	at org.jetbrains.kotlin.fir.pipeline.FirUtilsKt.resolveAndCheckFir(firUtils.kt:76)
	at org.jetbrains.kotlin.fir.pipeline.FirUtilsKt.buildResolveAndCheckFirViaLightTree(firUtils.kt:88)
	at org.jetbrains.kotlin.cli.jvm.compiler.pipeline.JvmCompilerPipelineKt.compileModuleToAnalyzedFir(jvmCompilerPipeline.kt:319)
	at org.jetbrains.kotlin.cli.jvm.compiler.pipeline.JvmCompilerPipelineKt.compileModulesUsingFrontendIrAndLightTree(jvmCompilerPipeline.kt:118)
	at org.jetbrains.kotlin.cli.jvm.K2JVMCompiler.doExecute(K2JVMCompiler.kt:148)
	at org.jetbrains.kotlin.cli.jvm.K2JVMCompiler.doExecute(K2JVMCompiler.kt:43)
	at org.jetbrains.kotlin.cli.common.CLICompiler.execImpl(CLICompiler.kt:103)
	at org.jetbrains.kotlin.cli.common.CLICompiler.execImpl(CLICompiler.kt:49)
	at org.jetbrains.kotlin.cli.common.CLITool.exec(CLITool.kt:101)
	at org.jetbrains.kotlin.incremental.IncrementalJvmCompilerRunner.runCompiler(IncrementalJvmCompilerRunner.kt:464)
	at org.jetbrains.kotlin.incremental.IncrementalJvmCompilerRunner.runCompiler(IncrementalJvmCompilerRunner.kt:73)
	at org.jetbrains.kotlin.incremental.IncrementalCompilerRunner.doCompile(IncrementalCompilerRunner.kt:506)
	at org.jetbrains.kotlin.incremental.IncrementalCompilerRunner.compileImpl(IncrementalCompilerRunner.kt:423)
	at org.jetbrains.kotlin.incremental.IncrementalCompilerRunner.tryCompileIncrementally$lambda$9$compile(IncrementalCompilerRunner.kt:249)
	at org.jetbrains.kotlin.incremental.IncrementalCompilerRunner.tryCompileIncrementally(IncrementalCompilerRunner.kt:267)
	at org.jetbrains.kotlin.incremental.IncrementalCompilerRunner.compile(IncrementalCompilerRunner.kt:120)
	at org.jetbrains.kotlin.daemon.CompileServiceImplBase.execIncrementalCompiler(CompileServiceImpl.kt:675)
	at org.jetbrains.kotlin.daemon.CompileServiceImplBase.access$execIncrementalCompiler(CompileServiceImpl.kt:92)
	at org.jetbrains.kotlin.daemon.CompileServiceImpl.compile(CompileServiceImpl.kt:1660)
	at java.base/jdk.internal.reflect.DirectMethodHandleAccessor.invoke(Unknown Source)
	at java.base/java.lang.reflect.Method.invoke(Unknown Source)
	at java.rmi/sun.rmi.server.UnicastServerRef.dispatch(Unknown Source)
	at java.rmi/sun.rmi.transport.Transport$1.run(Unknown Source)
	at java.rmi/sun.rmi.transport.Transport$1.run(Unknown Source)
	at java.base/java.security.AccessController.doPrivileged(Unknown Source)
	at java.rmi/sun.rmi.transport.Transport.serviceCall(Unknown Source)
	at java.rmi/sun.rmi.transport.tcp.TCPTransport.handleMessages(Unknown Source)
	at java.rmi/sun.rmi.transport.tcp.TCPTransport$ConnectionHandler.run0(Unknown Source)
	at java.rmi/sun.rmi.transport.tcp.TCPTransport$ConnectionHandler.lambda$run$0(Unknown Source)
	at java.base/java.security.AccessController.doPrivileged(Unknown Source)
	at java.rmi/sun.rmi.transport.tcp.TCPTransport$ConnectionHandler.run(Unknown Source)
	at java.base/java.util.concurrent.ThreadPoolExecutor.runWorker(Unknown Source)
	at java.base/java.util.concurrent.ThreadPoolExecutor$Worker.run(Unknown Source)
	at java.base/java.lang.Thread.run(Unknown Source)
Caused by: org.jetbrains.kotlin.utils.exceptions.KotlinIllegalArgumentExceptionWithAttachments: Expected expression 'FirArrayLiteralImpl' to be resolved
	at org.jetbrains.kotlin.fir.types.FirTypeUtilsKt.getResolvedType(FirTypeUtils.kt:203)
	at org.jetbrains.kotlin.fir.resolve.calls.stages.CheckArgumentsKt.shouldUseSamConversion(CheckArguments.kt:162)
	at org.jetbrains.kotlin.fir.resolve.calls.stages.CheckArgumentsKt.getExpectedTypeWithSAMConversion(CheckArguments.kt:133)
	at org.jetbrains.kotlin.fir.resolve.calls.stages.CheckArgumentsKt.prepareExpectedType(CheckArguments.kt:102)
	at org.jetbrains.kotlin.fir.resolve.calls.stages.CheckArgumentsKt.access$prepareExpectedType(CheckArguments.kt:1)
	at org.jetbrains.kotlin.fir.resolve.calls.stages.CheckArguments.resolveArgument(CheckArguments.kt:75)
	at org.jetbrains.kotlin.fir.resolve.calls.stages.CheckArguments.check(CheckArguments.kt:33)
	at org.jetbrains.kotlin.fir.resolve.calls.stages.ResolutionStageRunner$processCandidate$1.invokeSuspend(ResolutionStageRunner.kt:26)
	at kotlin.coroutines.jvm.internal.BaseContinuationImpl.resumeWith(ContinuationImpl.kt:33)
	at org.jetbrains.kotlin.fir.resolve.calls.stages.ResolutionStageRunner.processCandidate(ResolutionStageRunner.kt:39)
	at org.jetbrains.kotlin.fir.resolve.calls.candidate.ErrorCandidateUtilsKt.fullyProcessCandidate(errorCandidateUtils.kt:52)
	at org.jetbrains.kotlin.fir.resolve.calls.candidate.ErrorCandidateUtilsKt.createErrorReferenceWithExistingCandidate(errorCandidateUtils.kt:36)
	at org.jetbrains.kotlin.fir.resolve.calls.FirCallResolver.createErrorReferenceForSingleCandidate(FirCallResolver.kt:930)
	at org.jetbrains.kotlin.fir.resolve.calls.FirCallResolver.createResolvedNamedReference(FirCallResolver.kt:865)
	at org.jetbrains.kotlin.fir.resolve.calls.FirCallResolver.createResolvedNamedReference$default(FirCallResolver.kt:775)
	at org.jetbrains.kotlin.fir.resolve.calls.FirCallResolver.resolveCallAndSelectCandidate(FirCallResolver.kt:101)
	at org.jetbrains.kotlin.fir.resolve.transformers.body.resolve.FirExpressionsResolveTransformer.transformFunctionCallInternal$resolve(FirExpressionsResolveTransformer.kt:503)
	at org.jetbrains.kotlin.fir.resolve.transformers.body.resolve.FirExpressionsResolveTransformer.transformFunctionCall(FirExpressionsResolveTransformer.kt:439)
	at org.jetbrains.kotlin.fir.resolve.transformers.body.resolve.FirAbstractBodyResolveTransformerDispatcher.transformFunctionCall(FirAbstractBodyResolveTransformerDispatcher.kt:164)
	at org.jetbrains.kotlin.fir.resolve.transformers.body.resolve.FirAbstractBodyResolveTransformerDispatcher.transformFunctionCall(FirAbstractBodyResolveTransformerDispatcher.kt:24)
	at org.jetbrains.kotlin.fir.expressions.FirFunctionCall.transform(FirFunctionCall.kt:45)
	at org.jetbrains.kotlin.fir.expressions.FirExpressionUtilKt.transformStatementsIndexed(FirExpressionUtil.kt:198)
	at org.jetbrains.kotlin.fir.resolve.transformers.body.resolve.FirExpressionsResolveTransformer.transformBlockInCurrentScope$resolve(FirExpressionsResolveTransformer.kt:589)
	at org.jetbrains.kotlin.fir.resolve.transformers.body.resolve.FirExpressionsResolveTransformer.transformBlock(FirExpressionsResolveTransformer.kt:580)
	at org.jetbrains.kotlin.fir.resolve.transformers.body.resolve.FirAbstractBodyResolveTransformerDispatcher.transformBlock(FirAbstractBodyResolveTransformerDispatcher.kt:191)
	at org.jetbrains.kotlin.fir.resolve.transformers.body.resolve.FirAbstractBodyResolveTransformerDispatcher.transformBlock(FirAbstractBodyResolveTransformerDispatcher.kt:24)
	at org.jetbrains.kotlin.fir.expressions.FirBlock.transform(FirBlock.kt:32)
	at org.jetbrains.kotlin.fir.resolve.transformers.body.resolve.FirPartialBodyResolveTransformer.transformElement(FirPartialBodyResolveTransformer.kt:36)
	at org.jetbrains.kotlin.fir.resolve.transformers.body.resolve.FirPartialBodyResolveTransformer.transformElement(FirPartialBodyResolveTransformer.kt:13)
	at org.jetbrains.kotlin.fir.visitors.FirTransformer.transformBlock(FirTransformer.kt:191)
	at org.jetbrains.kotlin.fir.expressions.FirBlock.transform(FirBlock.kt:32)
	at org.jetbrains.kotlin.fir.declarations.impl.FirSimpleFunctionImpl.transformBody(FirSimpleFunctionImpl.kt:109)
	at org.jetbrains.kotlin.fir.declarations.impl.FirSimpleFunctionImpl.transformBody(FirSimpleFunctionImpl.kt:32)
	at org.jetbrains.kotlin.fir.resolve.transformers.body.resolve.FirDeclarationsResolveTransformer.transformFunction(FirDeclarationsResolveTransformer.kt:968)
	at org.jetbrains.kotlin.fir.resolve.transformers.body.resolve.FirDeclarationsResolveTransformer.transformFunctionWithGivenSignature(FirDeclarationsResolveTransformer.kt:918)
	at org.jetbrains.kotlin.fir.resolve.transformers.body.resolve.FirDeclarationsResolveTransformer.access$transformFunctionWithGivenSignature(FirDeclarationsResolveTransformer.kt:56)
	at org.jetbrains.kotlin.fir.resolve.transformers.body.resolve.FirDeclarationsResolveTransformer.transformSimpleFunction$lambda$61$lambda$60$lambda$59(FirDeclarationsResolveTransformer.kt:910)
	at org.jetbrains.kotlin.fir.resolve.transformers.body.resolve.BodyResolveContext.forFunctionBody(BodyResolveContext.kt:1206)
	at org.jetbrains.kotlin.fir.resolve.transformers.body.resolve.FirDeclarationsResolveTransformer.transformSimpleFunction(FirDeclarationsResolveTransformer.kt:908)
	at org.jetbrains.kotlin.fir.resolve.transformers.body.resolve.FirAbstractBodyResolveTransformerDispatcher.transformSimpleFunction(FirAbstractBodyResolveTransformerDispatcher.kt:530)
	at org.jetbrains.kotlin.fir.resolve.transformers.body.resolve.FirAbstractBodyResolveTransformerDispatcher.transformSimpleFunction(FirAbstractBodyResolveTransformerDispatcher.kt:24)
	at org.jetbrains.kotlin.fir.declarations.FirSimpleFunction.transform(FirSimpleFunction.kt:55)
	at org.jetbrains.kotlin.fir.visitors.FirTransformerUtilKt.transformInplace(FirTransformerUtil.kt:20)
	at org.jetbrains.kotlin.fir.declarations.impl.FirFileImpl.transformDeclarations(FirFileImpl.kt:80)
	at org.jetbrains.kotlin.fir.declarations.impl.FirFileImpl.transformChildren(FirFileImpl.kt:65)
	at org.jetbrains.kotlin.fir.declarations.impl.FirFileImpl.transformChildren(FirFileImpl.kt:29)
	at org.jetbrains.kotlin.fir.resolve.transformers.body.resolve.FirAbstractBodyResolveTransformerDispatcher.transformElement(FirAbstractBodyResolveTransformerDispatcher.kt:80)
	at org.jetbrains.kotlin.fir.resolve.transformers.body.resolve.FirAbstractBodyResolveTransformerDispatcher.transformDeclarationContent(FirAbstractBodyResolveTransformerDispatcher.kt:431)
	at org.jetbrains.kotlin.fir.resolve.transformers.body.resolve.FirDeclarationsResolveTransformer.transformDeclarationContent(FirDeclarationsResolveTransformer.kt:76)
	at org.jetbrains.kotlin.fir.resolve.transformers.body.resolve.FirDeclarationsResolveTransformer.doTransformFile$lambda$51(FirDeclarationsResolveTransformer.kt:809)
	at org.jetbrains.kotlin.fir.resolve.transformers.body.resolve.FirDeclarationsResolveTransformer.withFile(FirDeclarationsResolveTransformer.kt:822)
	at org.jetbrains.kotlin.fir.resolve.transformers.body.resolve.FirDeclarationsResolveTransformer.doTransformFile(FirDeclarationsResolveTransformer.kt:808)
	at org.jetbrains.kotlin.fir.resolve.transformers.body.resolve.FirDeclarationsResolveTransformer.transformFile(FirDeclarationsResolveTransformer.kt:735)
	... 42 more


